Arguments: 
  C:\Program Files\nodejs\node.exe C:\Users\leand\.node\corepack\yarn\1.22.15\bin\yarn.js add -D @types/axios

PATH: 
  C:\Program Files (x86)\Razer Chroma SDK\bin;C:\Program Files\Razer Chroma SDK\bin;C:\Program Files (x86)\Razer\ChromaBroadcast\bin;C:\Program Files\Razer\ChromaBroadcast\bin;C:\Program Files\Common Files\Oracle\Java\javapath;C:\Windows\system32;C:\Windows;C:\Windows\System32\Wbem;C:\Windows\System32\WindowsPowerShell\v1.0\;C:\Windows\System32\OpenSSH\;C:\Program Files\nodejs\;C:\Program Files\Microsoft VS Code\bin;C:\Program Files\Git\cmd;C:\Users\leand\AppData\Local\Microsoft\WindowsApps;C:\Users\leand\AppData\Roaming\npm;C:\src\flutter\bin;C:\Windows\system32\config\systemprofile\AppData\Local\Microsoft\WindowsApps;C:\Users\leand\AppData\Local\Microsoft\WindowsApps;C:\Users\leand\AppData\Roaming\npm;C:\src\flutter\bin;

Yarn version: 
  1.22.15

Node version: 
  16.13.0

Platform: 
  win32 x64

Trace: 
  Error: EPERM: operation not permitted, unlink 'F:\REACT\curso\megateca\node_modules\esbuild-windows-64\esbuild.exe'

npm manifest: 
  {
    "name": "megateca",
    "version": "0.0.0",
    "scripts": {
      "dev": "vite",
      "build": "tsc && vite build",
      "preview": "vite preview"
    },
    "dependencies": {
      "@amcharts/amcharts4": "^4.10.23",
      "@ant-design/icons": "^4.7.0",
      "antd": "^4.17.3",
      "react": "^17.0.2",
      "react-dom": "^17.0.2",
      "styled-components": "^5.3.3"
    },
    "devDependencies": {
      "@types/amcharts": "^3.21.7",
      "@types/antd": "^1.0.0",
      "@types/react": "^17.0.33",
      "@types/react-dom": "^17.0.10",
      "@types/styled-components": "^5.1.17",
      "@vitejs/plugin-react": "^1.0.7",
      "typescript": "^4.4.4",
      "vite": "^2.7.0"
    }
  }

yarn manifest: 
  No manifest

Lockfile: 
  # THIS IS AN AUTOGENERATED FILE. DO NOT EDIT THIS FILE DIRECTLY.
  # yarn lockfile v1
  
  
  "@amcharts/amcharts4@^4.10.23":
    "integrity" "sha512-cMxChIV7+Glngw0WU2VvM7qv5MQUuUNenh7wSeQ04iJGLLc3spLv2964V74nAVZvWS6/5b4153D3HZcSqObZXQ=="
    "resolved" "https://registry.npmjs.org/@amcharts/amcharts4/-/amcharts4-4.10.23.tgz"
    "version" "4.10.23"
    dependencies:
      "@babel/runtime" "^7.6.3"
      "core-js" "^3.0.0"
      "d3-force" "^2.0.1"
      "d3-geo" "^2.0.1"
      "d3-geo-projection" "^3.0.0"
      "d3-selection" "^1.0.2"
      "d3-transition" "^1.0.1"
      "pdfmake" "^0.2.2"
      "polylabel" "^1.0.2"
      "raf" "^3.4.1"
      "regression" "^2.0.1"
      "rgbcolor" "^1.0.1"
      "stackblur-canvas" "^2.0.0"
      "tslib" "^2.0.1"
      "xlsx" "^0.17.0"
  
  "@ant-design/colors@^6.0.0":
    "integrity" "sha512-qAZRvPzfdWHtfameEGP2Qvuf838NhergR35o+EuVyB5XvSA98xod5r4utvi4TJ3ywmevm290g9nsCG5MryrdWQ=="
    "resolved" "https://registry.npmjs.org/@ant-design/colors/-/colors-6.0.0.tgz"
    "version" "6.0.0"
    dependencies:
      "@ctrl/tinycolor" "^3.4.0"
  
  "@ant-design/icons-svg@^4.2.1":
    "integrity" "sha512-EB0iwlKDGpG93hW8f85CTJTs4SvMX7tt5ceupvhALp1IF44SeUFOMhKUOYqpsoYWQKAOuTRDMqn75rEaKDp0Xw=="
    "resolved" "https://registry.npmjs.org/@ant-design/icons-svg/-/icons-svg-4.2.1.tgz"
    "version" "4.2.1"
  
  "@ant-design/icons@^4.7.0":
    "integrity" "sha512-aoB4Z7JA431rt6d4u+8xcNPPCrdufSRMUOpxa1ab6mz1JCQZOEVolj2WVs/tDFmN62zzK30mNelEsprLYsSF3g=="
    "resolved" "https://registry.npmjs.org/@ant-design/icons/-/icons-4.7.0.tgz"
    "version" "4.7.0"
    dependencies:
      "@ant-design/colors" "^6.0.0"
      "@ant-design/icons-svg" "^4.2.1"
      "@babel/runtime" "^7.11.2"
      "classnames" "^2.2.6"
      "rc-util" "^5.9.4"
  
  "@ant-design/react-slick@~0.28.1":
    "integrity" "sha512-j9eAHTn7GxbXUFNknJoHS2ceAsqrQi2j8XykjZE1IXCD8kJF+t28EvhBLniDpbOsBk/3kjalnhriTfZcjBHNqg=="
    "resolved" "https://registry.npmjs.org/@ant-design/react-slick/-/react-slick-0.28.4.tgz"
    "version" "0.28.4"
    dependencies:
      "@babel/runtime" "^7.10.4"
      "classnames" "^2.2.5"
      "json2mq" "^0.2.0"
      "lodash" "^4.17.21"
      "resize-observer-polyfill" "^1.5.0"
  
  "@babel/code-frame@^7.16.0":
    "integrity" "sha512-IF4EOMEV+bfYwOmNxGzSnjR2EmQod7f1UXOpZM3l4i4o4QNwzjtJAu/HxdjHq0aYBvdqMuQEY1eg0nqW9ZPORA=="
    "resolved" "https://registry.npmjs.org/@babel/code-frame/-/code-frame-7.16.0.tgz"
    "version" "7.16.0"
    dependencies:
      "@babel/highlight" "^7.16.0"
  
  "@babel/compat-data@^7.16.0":
    "integrity" "sha512-1o/jo7D+kC9ZjHX5v+EHrdjl3PhxMrLSOTGsOdHJ+KL8HCaEK6ehrVL2RS6oHDZp+L7xLirLrPmQtEng769J/Q=="
    "resolved" "https://registry.npmjs.org/@babel/compat-data/-/compat-data-7.16.4.tgz"
    "version" "7.16.4"
  
  "@babel/core@^7.0.0", "@babel/core@^7.0.0-0", "@babel/core@^7.16.0":
    "integrity" "sha512-mYZEvshBRHGsIAiyH5PzCFTCfbWfoYbO/jcSdXQSUQu1/pW0xDZAUP7KEc32heqWTAfAHhV9j1vH8Sav7l+JNQ=="
    "resolved" "https://registry.npmjs.org/@babel/core/-/core-7.16.0.tgz"
    "version" "7.16.0"
    dependencies:
      "@babel/code-frame" "^7.16.0"
      "@babel/generator" "^7.16.0"
      "@babel/helper-compilation-targets" "^7.16.0"
      "@babel/helper-module-transforms" "^7.16.0"
      "@babel/helpers" "^7.16.0"
      "@babel/parser" "^7.16.0"
      "@babel/template" "^7.16.0"
      "@babel/traverse" "^7.16.0"
      "@babel/types" "^7.16.0"
      "convert-source-map" "^1.7.0"
      "debug" "^4.1.0"
      "gensync" "^1.0.0-beta.2"
      "json5" "^2.1.2"
      "semver" "^6.3.0"
      "source-map" "^0.5.0"
  
  "@babel/generator@^7.16.0":
    "integrity" "sha512-RR8hUCfRQn9j9RPKEVXo9LiwoxLPYn6hNZlvUOR8tSnaxlD0p0+la00ZP9/SnRt6HchKr+X0fO2r8vrETiJGew=="
    "resolved" "https://registry.npmjs.org/@babel/generator/-/generator-7.16.0.tgz"
    "version" "7.16.0"
    dependencies:
      "@babel/types" "^7.16.0"
      "jsesc" "^2.5.1"
      "source-map" "^0.5.0"
  
  "@babel/helper-annotate-as-pure@^7.16.0":
    "integrity" "sha512-ItmYF9vR4zA8cByDocY05o0LGUkp1zhbTQOH1NFyl5xXEqlTJQCEJjieriw+aFpxo16swMxUnUiKS7a/r4vtHg=="
    "resolved" "https://registry.npmjs.org/@babel/helper-annotate-as-pure/-/helper-annotate-as-pure-7.16.0.tgz"
    "version" "7.16.0"
    dependencies:
      "@babel/types" "^7.16.0"
  
  "@babel/helper-compilation-targets@^7.16.0":
    "integrity" "sha512-vKsoSQAyBmxS35JUOOt+07cLc6Nk/2ljLIHwmq2/NM6hdioUaqEXq/S+nXvbvXbZkNDlWOymPanJGOc4CBjSJA=="
    "resolved" "https://registry.npmjs.org/@babel/helper-compilation-targets/-/helper-compilation-targets-7.16.3.tgz"
    "version" "7.16.3"
    dependencies:
      "@babel/compat-data" "^7.16.0"
      "@babel/helper-validator-option" "^7.14.5"
      "browserslist" "^4.17.5"
      "semver" "^6.3.0"
  
  "@babel/helper-function-name@^7.16.0":
    "integrity" "sha512-BZh4mEk1xi2h4HFjWUXRQX5AEx4rvaZxHgax9gcjdLWdkjsY7MKt5p0otjsg5noXw+pB+clMCjw+aEVYADMjog=="
    "resolved" "https://registry.npmjs.org/@babel/helper-function-name/-/helper-function-name-7.16.0.tgz"
    "version" "7.16.0"
    dependencies:
      "@babel/helper-get-function-arity" "^7.16.0"
      "@babel/template" "^7.16.0"
      "@babel/types" "^7.16.0"
  
  "@babel/helper-get-function-arity@^7.16.0":
    "integrity" "sha512-ASCquNcywC1NkYh/z7Cgp3w31YW8aojjYIlNg4VeJiHkqyP4AzIvr4qx7pYDb4/s8YcsZWqqOSxgkvjUz1kpDQ=="
    "resolved" "https://registry.npmjs.org/@babel/helper-get-function-arity/-/helper-get-function-arity-7.16.0.tgz"
    "version" "7.16.0"
    dependencies:
      "@babel/types" "^7.16.0"
  
  "@babel/helper-hoist-variables@^7.16.0":
    "integrity" "sha512-1AZlpazjUR0EQZQv3sgRNfM9mEVWPK3M6vlalczA+EECcPz3XPh6VplbErL5UoMpChhSck5wAJHthlj1bYpcmg=="
    "resolved" "https://registry.npmjs.org/@babel/helper-hoist-variables/-/helper-hoist-variables-7.16.0.tgz"
    "version" "7.16.0"
    dependencies:
      "@babel/types" "^7.16.0"
  
  "@babel/helper-member-expression-to-functions@^7.16.0":
    "integrity" "sha512-bsjlBFPuWT6IWhl28EdrQ+gTvSvj5tqVP5Xeftp07SEuz5pLnsXZuDkDD3Rfcxy0IsHmbZ+7B2/9SHzxO0T+sQ=="
    "resolved" "https://registry.npmjs.org/@babel/helper-member-expression-to-functions/-/helper-member-expression-to-functions-7.16.0.tgz"
    "version" "7.16.0"
    dependencies:
      "@babel/types" "^7.16.0"
  
  "@babel/helper-module-imports@^7.0.0", "@babel/helper-module-imports@^7.16.0":
    "integrity" "sha512-kkH7sWzKPq0xt3H1n+ghb4xEMP8k0U7XV3kkB+ZGy69kDk2ySFW1qPi06sjKzFY3t1j6XbJSqr4mF9L7CYVyhg=="
    "resolved" "https://registry.npmjs.org/@babel/helper-module-imports/-/helper-module-imports-7.16.0.tgz"
    "version" "7.16.0"
    dependencies:
      "@babel/types" "^7.16.0"
  
  "@babel/helper-module-transforms@^7.16.0":
    "integrity" "sha512-My4cr9ATcaBbmaEa8M0dZNA74cfI6gitvUAskgDtAFmAqyFKDSHQo5YstxPbN+lzHl2D9l/YOEFqb2mtUh4gfA=="
    "resolved" "https://registry.npmjs.org/@babel/helper-module-transforms/-/helper-module-transforms-7.16.0.tgz"
    "version" "7.16.0"
    dependencies:
      "@babel/helper-module-imports" "^7.16.0"
      "@babel/helper-replace-supers" "^7.16.0"
      "@babel/helper-simple-access" "^7.16.0"
      "@babel/helper-split-export-declaration" "^7.16.0"
      "@babel/helper-validator-identifier" "^7.15.7"
      "@babel/template" "^7.16.0"
      "@babel/traverse" "^7.16.0"
      "@babel/types" "^7.16.0"
  
  "@babel/helper-optimise-call-expression@^7.16.0":
    "integrity" "sha512-SuI467Gi2V8fkofm2JPnZzB/SUuXoJA5zXe/xzyPP2M04686RzFKFHPK6HDVN6JvWBIEW8tt9hPR7fXdn2Lgpw=="
    "resolved" "https://registry.npmjs.org/@babel/helper-optimise-call-expression/-/helper-optimise-call-expression-7.16.0.tgz"
    "version" "7.16.0"
    dependencies:
      "@babel/types" "^7.16.0"
  
  "@babel/helper-plugin-utils@^7.14.5":
    "integrity" "sha512-/37qQCE3K0vvZKwoK4XU/irIJQdIfCJuhU5eKnNxpFDsOkgFaUAwbv+RYw6eYgsC0E4hS7r5KqGULUogqui0fQ=="
    "resolved" "https://registry.npmjs.org/@babel/helper-plugin-utils/-/helper-plugin-utils-7.14.5.tgz"
    "version" "7.14.5"
  
  "@babel/helper-replace-supers@^7.16.0":
    "integrity" "sha512-TQxuQfSCdoha7cpRNJvfaYxxxzmbxXw/+6cS7V02eeDYyhxderSoMVALvwupA54/pZcOTtVeJ0xccp1nGWladA=="
    "resolved" "https://registry.npmjs.org/@babel/helper-replace-supers/-/helper-replace-supers-7.16.0.tgz"
    "version" "7.16.0"
    dependencies:
      "@babel/helper-member-expression-to-functions" "^7.16.0"
      "@babel/helper-optimise-call-expression" "^7.16.0"
      "@babel/traverse" "^7.16.0"
      "@babel/types" "^7.16.0"
  
  "@babel/helper-simple-access@^7.16.0":
    "integrity" "sha512-o1rjBT/gppAqKsYfUdfHq5Rk03lMQrkPHG1OWzHWpLgVXRH4HnMM9Et9CVdIqwkCQlobnGHEJMsgWP/jE1zUiw=="
    "resolved" "https://registry.npmjs.org/@babel/helper-simple-access/-/helper-simple-access-7.16.0.tgz"
    "version" "7.16.0"
    dependencies:
      "@babel/types" "^7.16.0"
  
  "@babel/helper-split-export-declaration@^7.16.0":
    "integrity" "sha512-0YMMRpuDFNGTHNRiiqJX19GjNXA4H0E8jZ2ibccfSxaCogbm3am5WN/2nQNj0YnQwGWM1J06GOcQ2qnh3+0paw=="
    "resolved" "https://registry.npmjs.org/@babel/helper-split-export-declaration/-/helper-split-export-declaration-7.16.0.tgz"
    "version" "7.16.0"
    dependencies:
      "@babel/types" "^7.16.0"
  
  "@babel/helper-validator-identifier@^7.15.7":
    "integrity" "sha512-K4JvCtQqad9OY2+yTU8w+E82ywk/fe+ELNlt1G8z3bVGlZfn/hOcQQsUhGhW/N+tb3fxK800wLtKOE/aM0m72w=="
    "resolved" "https://registry.npmjs.org/@babel/helper-validator-identifier/-/helper-validator-identifier-7.15.7.tgz"
    "version" "7.15.7"
  
  "@babel/helper-validator-option@^7.14.5":
    "integrity" "sha512-OX8D5eeX4XwcroVW45NMvoYaIuFI+GQpA2a8Gi+X/U/cDUIRsV37qQfF905F0htTRCREQIB4KqPeaveRJUl3Ow=="
    "resolved" "https://registry.npmjs.org/@babel/helper-validator-option/-/helper-validator-option-7.14.5.tgz"
    "version" "7.14.5"
  
  "@babel/helpers@^7.16.0":
    "integrity" "sha512-Xn8IhDlBPhvYTvgewPKawhADichOsbkZuzN7qz2BusOM0brChsyXMDJvldWaYMMUNiCQdQzNEioXTp3sC8Nt8w=="
    "resolved" "https://registry.npmjs.org/@babel/helpers/-/helpers-7.16.3.tgz"
    "version" "7.16.3"
    dependencies:
      "@babel/template" "^7.16.0"
      "@babel/traverse" "^7.16.3"
      "@babel/types" "^7.16.0"
  
  "@babel/highlight@^7.16.0":
    "integrity" "sha512-t8MH41kUQylBtu2+4IQA3atqevA2lRgqA2wyVB/YiWmsDSuylZZuXOUy9ric30hfzauEFfdsuk/eXTRrGrfd0g=="
    "resolved" "https://registry.npmjs.org/@babel/highlight/-/highlight-7.16.0.tgz"
    "version" "7.16.0"
    dependencies:
      "@babel/helper-validator-identifier" "^7.15.7"
      "chalk" "^2.0.0"
      "js-tokens" "^4.0.0"
  
  "@babel/parser@^7.16.0", "@babel/parser@^7.16.3":
    "integrity" "sha512-6V0qdPUaiVHH3RtZeLIsc+6pDhbYzHR8ogA8w+f+Wc77DuXto19g2QUwveINoS34Uw+W8/hQDGJCx+i4n7xcng=="
    "resolved" "https://registry.npmjs.org/@babel/parser/-/parser-7.16.4.tgz"
    "version" "7.16.4"
  
  "@babel/plugin-syntax-jsx@^7.16.0":
    "integrity" "sha512-8zv2+xiPHwly31RK4RmnEYY5zziuF3O7W2kIDW+07ewWDh6Oi0dRq8kwvulRkFgt6DB97RlKs5c1y068iPlCUg=="
    "resolved" "https://registry.npmjs.org/@babel/plugin-syntax-jsx/-/plugin-syntax-jsx-7.16.0.tgz"
    "version" "7.16.0"
    dependencies:
      "@babel/helper-plugin-utils" "^7.14.5"
  
  "@babel/plugin-transform-react-jsx-development@^7.16.0":
    "integrity" "sha512-qq65iSqBRq0Hr3wq57YG2AmW0H6wgTnIzpffTphrUWUgLCOK+zf1f7G0vuOiXrp7dU1qq+fQBoqZ3wCDAkhFzw=="
    "resolved" "https://registry.npmjs.org/@babel/plugin-transform-react-jsx-development/-/plugin-transform-react-jsx-development-7.16.0.tgz"
    "version" "7.16.0"
    dependencies:
      "@babel/plugin-transform-react-jsx" "^7.16.0"
  
  "@babel/plugin-transform-react-jsx-self@^7.16.0":
    "integrity" "sha512-97yCFY+2GvniqOThOSjPor8xUoDiQ0STVWAQMl3pjhJoFVe5DuXDLZCRSZxu9clx+oRCbTiXGgKEG/Yoyo6Y+w=="
    "resolved" "https://registry.npmjs.org/@babel/plugin-transform-react-jsx-self/-/plugin-transform-react-jsx-self-7.16.0.tgz"
    "version" "7.16.0"
    dependencies:
      "@babel/helper-plugin-utils" "^7.14.5"
  
  "@babel/plugin-transform-react-jsx-source@^7.16.0":
    "integrity" "sha512-8yvbGGrHOeb/oyPc9tzNoe9/lmIjz3HLa9Nc5dMGDyNpGjfFrk8D2KdEq9NRkftZzeoQEW6yPQ29TMZtrLiUUA=="
    "resolved" "https://registry.npmjs.org/@babel/plugin-transform-react-jsx-source/-/plugin-transform-react-jsx-source-7.16.0.tgz"
    "version" "7.16.0"
    dependencies:
      "@babel/helper-plugin-utils" "^7.14.5"
  
  "@babel/plugin-transform-react-jsx@^7.16.0":
    "integrity" "sha512-rqDgIbukZ44pqq7NIRPGPGNklshPkvlmvqjdx3OZcGPk4zGIenYkxDTvl3LsSL8gqcc3ZzGmXPE6hR/u/voNOw=="
    "resolved" "https://registry.npmjs.org/@babel/plugin-transform-react-jsx/-/plugin-transform-react-jsx-7.16.0.tgz"
    "version" "7.16.0"
    dependencies:
      "@babel/helper-annotate-as-pure" "^7.16.0"
      "@babel/helper-module-imports" "^7.16.0"
      "@babel/helper-plugin-utils" "^7.14.5"
      "@babel/plugin-syntax-jsx" "^7.16.0"
      "@babel/types" "^7.16.0"
  
  "@babel/runtime@^7.10.1", "@babel/runtime@^7.10.2", "@babel/runtime@^7.10.4", "@babel/runtime@^7.11.1", "@babel/runtime@^7.11.2", "@babel/runtime@^7.12.5", "@babel/runtime@^7.6.3", "@babel/runtime@^7.8.4":
    "integrity" "sha512-WBwekcqacdY2e9AF/Q7WLFUWmdJGJTkbjqTjoMDgXkVZ3ZRUvOPsLb5KdwISoQVsbP+DQzVZW4Zhci0DvpbNTQ=="
    "resolved" "https://registry.npmjs.org/@babel/runtime/-/runtime-7.16.3.tgz"
    "version" "7.16.3"
    dependencies:
      "regenerator-runtime" "^0.13.4"
  
  "@babel/template@^7.16.0":
    "integrity" "sha512-MnZdpFD/ZdYhXwiunMqqgyZyucaYsbL0IrjoGjaVhGilz+x8YB++kRfygSOIj1yOtWKPlx7NBp+9I1RQSgsd5A=="
    "resolved" "https://registry.npmjs.org/@babel/template/-/template-7.16.0.tgz"
    "version" "7.16.0"
    dependencies:
      "@babel/code-frame" "^7.16.0"
      "@babel/parser" "^7.16.0"
      "@babel/types" "^7.16.0"
  
  "@babel/traverse@^7.16.0", "@babel/traverse@^7.16.3", "@babel/traverse@^7.4.5":
    "integrity" "sha512-eolumr1vVMjqevCpwVO99yN/LoGL0EyHiLO5I043aYQvwOJ9eR5UsZSClHVCzfhBduMAsSzgA/6AyqPjNayJag=="
    "resolved" "https://registry.npmjs.org/@babel/traverse/-/traverse-7.16.3.tgz"
    "version" "7.16.3"
    dependencies:
      "@babel/code-frame" "^7.16.0"
      "@babel/generator" "^7.16.0"
      "@babel/helper-function-name" "^7.16.0"
      "@babel/helper-hoist-variables" "^7.16.0"
      "@babel/helper-split-export-declaration" "^7.16.0"
      "@babel/parser" "^7.16.3"
      "@babel/types" "^7.16.0"
      "debug" "^4.1.0"
      "globals" "^11.1.0"
  
  "@babel/types@^7.16.0":
    "integrity" "sha512-PJgg/k3SdLsGb3hhisFvtLOw5ts113klrpLuIPtCJIU+BB24fqq6lf8RWqKJEjzqXR9AEH1rIb5XTqwBHB+kQg=="
    "resolved" "https://registry.npmjs.org/@babel/types/-/types-7.16.0.tgz"
    "version" "7.16.0"
    dependencies:
      "@babel/helper-validator-identifier" "^7.15.7"
      "to-fast-properties" "^2.0.0"
  
  "@ctrl/tinycolor@^3.4.0":
    "integrity" "sha512-JZButFdZ1+/xAfpguQHoabIXkcqRRKpMrWKBkpEZZyxfY9C1DpADFB8PEqGSTeFr135SaTRfKqGKx5xSCLI7ZQ=="
    "resolved" "https://registry.npmjs.org/@ctrl/tinycolor/-/tinycolor-3.4.0.tgz"
    "version" "3.4.0"
  
  "@emotion/is-prop-valid@^0.8.8":
    "integrity" "sha512-u5WtneEAr5IDG2Wv65yhunPSMLIpuKsbuOktRojfrEiEvRyC85LgPMZI63cr7NUqT8ZIGdSVg8ZKGxIug4lXcA=="
    "resolved" "https://registry.npmjs.org/@emotion/is-prop-valid/-/is-prop-valid-0.8.8.tgz"
    "version" "0.8.8"
    dependencies:
      "@emotion/memoize" "0.7.4"
  
  "@emotion/memoize@0.7.4":
    "integrity" "sha512-Ja/Vfqe3HpuzRsG1oBtWTHk2PGZ7GR+2Vz5iYGelAw8dx32K0y7PjVuxK6z1nMpZOqAFsRUPCkK1YjJ56qJlgw=="
    "resolved" "https://registry.npmjs.org/@emotion/memoize/-/memoize-0.7.4.tgz"
    "version" "0.7.4"
  
  "@emotion/stylis@^0.8.4":
    "integrity" "sha512-h6KtPihKFn3T9fuIrwvXXUOwlx3rfUvfZIcP5a6rh8Y7zjE3O06hT5Ss4S/YI1AYhuZ1kjaE/5EaOOI2NqSylQ=="
    "resolved" "https://registry.npmjs.org/@emotion/stylis/-/stylis-0.8.5.tgz"
    "version" "0.8.5"
  
  "@emotion/unitless@^0.7.4":
    "integrity" "sha512-OWORNpfjMsSSUBVrRBVGECkhWcULOAJz9ZW8uK9qgxD+87M7jHRcvh/A96XXNhXTLmKcoYSQtBEX7lHMO7YRwg=="
    "resolved" "https://registry.npmjs.org/@emotion/unitless/-/unitless-0.7.5.tgz"
    "version" "0.7.5"
  
  "@foliojs-fork/fontkit@^1.9.1":
    "integrity" "sha512-U589voc2/ROnvx1CyH9aNzOQWJp127JGU1QAylXGQ7LoEAF6hMmahZLQ4eqAcgHUw+uyW4PjtCItq9qudPkK3A=="
    "resolved" "https://registry.npmjs.org/@foliojs-fork/fontkit/-/fontkit-1.9.1.tgz"
    "version" "1.9.1"
    dependencies:
      "@foliojs-fork/restructure" "^2.0.2"
      "brfs" "^2.0.0"
      "brotli" "^1.2.0"
      "browserify-optional" "^1.0.1"
      "clone" "^1.0.4"
      "deep-equal" "^1.0.0"
      "dfa" "^1.2.0"
      "tiny-inflate" "^1.0.2"
      "unicode-properties" "^1.2.2"
      "unicode-trie" "^2.0.0"
  
  "@foliojs-fork/linebreak@^1.1.1":
    "integrity" "sha512-pgY/+53GqGQI+mvDiyprvPWgkTlVBS8cxqee03ejm6gKAQNsR1tCYCIvN9FHy7otZajzMqCgPOgC4cHdt4JPig=="
    "resolved" "https://registry.npmjs.org/@foliojs-fork/linebreak/-/linebreak-1.1.1.tgz"
    "version" "1.1.1"
    dependencies:
      "base64-js" "1.3.1"
      "brfs" "^2.0.2"
      "unicode-trie" "^2.0.0"
  
  "@foliojs-fork/pdfkit@^0.13.0":
    "integrity" "sha512-YXeG1fml9k97YNC9K8e292Pj2JzGt9uOIiBFuQFxHsdQ45BlxW+JU3RQK6JAvXU7kjhjP8rCcYvpk36JLD33sQ=="
    "resolved" "https://registry.npmjs.org/@foliojs-fork/pdfkit/-/pdfkit-0.13.0.tgz"
    "version" "0.13.0"
    dependencies:
      "@foliojs-fork/fontkit" "^1.9.1"
      "@foliojs-fork/linebreak" "^1.1.1"
      "crypto-js" "^4.0.0"
      "png-js" "^1.0.0"
  
  "@foliojs-fork/restructure@^2.0.2":
    "integrity" "sha512-59SgoZ3EXbkfSX7b63tsou/SDGzwUEK6MuB5sKqgVK1/XE0fxmpsOb9DQI8LXW3KfGnAjImCGhhEb7uPPAUVNA=="
    "resolved" "https://registry.npmjs.org/@foliojs-fork/restructure/-/restructure-2.0.2.tgz"
    "version" "2.0.2"
  
  "@rollup/pluginutils@^4.1.1":
    "integrity" "sha512-clDjivHqWGXi7u+0d2r2sBi4Ie6VLEAzWMIkvJLnDmxoOhBYOTfzGbOQBA32THHm11/LiJbd01tJUpJsbshSWQ=="
    "resolved" "https://registry.npmjs.org/@rollup/pluginutils/-/pluginutils-4.1.1.tgz"
    "version" "4.1.1"
    dependencies:
      "estree-walker" "^2.0.1"
      "picomatch" "^2.2.2"
  
  "@types/amcharts@^3.21.7":
    "integrity" "sha512-/tsBUcJ1B76EpBCJtPZIDybQMVcuOlTjSMf5rMPeKt+UQVNJSm1rVu7I1HGjG/Rlq3BpWQ2/HOLocWr9cWx98g=="
    "resolved" "https://registry.npmjs.org/@types/amcharts/-/amcharts-3.21.7.tgz"
    "version" "3.21.7"
  
  "@types/antd@^1.0.0":
    "integrity" "sha1-8E4qhO/Z6pNzZs09+62l08lJRx0="
    "resolved" "https://registry.npmjs.org/@types/antd/-/antd-1.0.0.tgz"
    "version" "1.0.0"
    dependencies:
      "antd" "*"
  
  "@types/hoist-non-react-statics@*":
    "integrity" "sha512-iMIqiko6ooLrTh1joXodJK5X9xeEALT1kM5G3ZLhD3hszxBdIEd5C75U834D9mLcINgD4OyZf5uQXjkuYydWvA=="
    "resolved" "https://registry.npmjs.org/@types/hoist-non-react-statics/-/hoist-non-react-statics-3.3.1.tgz"
    "version" "3.3.1"
    dependencies:
      "@types/react" "*"
      "hoist-non-react-statics" "^3.3.0"
  
  "@types/prop-types@*":
    "integrity" "sha512-rZ5drC/jWjrArrS8BR6SIr4cWpW09RNTYt9AMZo3Jwwif+iacXAqgVjm0B0Bv/S1jhDXKHqRVNCbACkJ89RAnQ=="
    "resolved" "https://registry.npmjs.org/@types/prop-types/-/prop-types-15.7.4.tgz"
    "version" "15.7.4"
  
  "@types/react-dom@^17.0.10":
    "integrity" "sha512-f96K3k+24RaLGVu/Y2Ng3e1EbZ8/cVJvypZWd7cy0ofCBaf2lcM46xNhycMZ2xGwbBjRql7hOlZ+e2WlJ5MH3Q=="
    "resolved" "https://registry.npmjs.org/@types/react-dom/-/react-dom-17.0.11.tgz"
    "version" "17.0.11"
    dependencies:
      "@types/react" "*"
  
  "@types/react@*", "@types/react@^17.0.33":
    "integrity" "sha512-2FS1oTqBGcH/s0E+CjrCCR9+JMpsu9b69RTFO+40ua43ZqP5MmQ4iUde/dMjWR909KxZwmOQIFq6AV6NjEG5xg=="
    "resolved" "https://registry.npmjs.org/@types/react/-/react-17.0.37.tgz"
    "version" "17.0.37"
    dependencies:
      "@types/prop-types" "*"
      "@types/scheduler" "*"
      "csstype" "^3.0.2"
  
  "@types/scheduler@*":
    "integrity" "sha512-hppQEBDmlwhFAXKJX2KnWLYu5yMfi91yazPb2l+lbJiwW+wdo1gNeRA+3RgNSO39WYX2euey41KEwnqesU2Jew=="
    "resolved" "https://registry.npmjs.org/@types/scheduler/-/scheduler-0.16.2.tgz"
    "version" "0.16.2"
  
  "@types/styled-components@^5.1.17":
    "integrity" "sha512-niMaIan3C2LYCGEPntljGrkxLBfz1RZf4WTTv7w9GJygMsCOl226/UoSwXC8dIHCHs4sQKFQUs5JtdL2hj7k0g=="
    "resolved" "https://registry.npmjs.org/@types/styled-components/-/styled-components-5.1.17.tgz"
    "version" "5.1.17"
    dependencies:
      "@types/hoist-non-react-statics" "*"
      "@types/react" "*"
      "csstype" "^3.0.2"
  
  "@vitejs/plugin-react@^1.0.7":
    "integrity" "sha512-IJSRD4culdwQ6cRK0D1mstV1vdvYSb2HK1JQ1FDo6Hr7j5ppWJEwBC2v/Gy0h/A1lMmi4AnXACY/d10EgbQNEA=="
    "resolved" "https://registry.npmjs.org/@vitejs/plugin-react/-/plugin-react-1.1.1.tgz"
    "version" "1.1.1"
    dependencies:
      "@babel/core" "^7.16.0"
      "@babel/plugin-transform-react-jsx" "^7.16.0"
      "@babel/plugin-transform-react-jsx-development" "^7.16.0"
      "@babel/plugin-transform-react-jsx-self" "^7.16.0"
      "@babel/plugin-transform-react-jsx-source" "^7.16.0"
      "@rollup/pluginutils" "^4.1.1"
      "react-refresh" "^0.11.0"
      "resolve" "^1.20.0"
  
  "acorn-node@^1.3.0":
    "integrity" "sha512-8mt+fslDufLYntIoPAaIMUe/lrbrehIiwmR3t2k9LljIzoigEPF27eLk2hy8zSGzmR/ogr7zbRKINMo1u0yh5A=="
    "resolved" "https://registry.npmjs.org/acorn-node/-/acorn-node-1.8.2.tgz"
    "version" "1.8.2"
    dependencies:
      "acorn" "^7.0.0"
      "acorn-walk" "^7.0.0"
      "xtend" "^4.0.2"
  
  "acorn-walk@^7.0.0":
    "integrity" "sha512-OPdCF6GsMIP+Az+aWfAAOEt2/+iVDKE7oy6lJ098aoe59oAmK76qV6Gw60SbZ8jHuG2wH058GF4pLFbYamYrVA=="
    "resolved" "https://registry.npmjs.org/acorn-walk/-/acorn-walk-7.2.0.tgz"
    "version" "7.2.0"
  
  "acorn@^7.0.0":
    "integrity" "sha512-nQyp0o1/mNdbTO1PO6kHkwSrmgZ0MT/jCCpNiwbUjGoRN4dlBhqJtoQuCnEOKzgTVwg0ZWiCoQy6SxMebQVh8A=="
    "resolved" "https://registry.npmjs.org/acorn/-/acorn-7.4.1.tgz"
    "version" "7.4.1"
  
  "adler-32@~1.2.0":
    "integrity" "sha1-aj5r8KY5ALoVZSgIyxXGgT0aXyU="
    "resolved" "https://registry.npmjs.org/adler-32/-/adler-32-1.2.0.tgz"
    "version" "1.2.0"
    dependencies:
      "exit-on-epipe" "~1.0.1"
      "printj" "~1.1.0"
  
  "adler-32@~1.3.0":
    "integrity" "sha512-f5nltvjl+PRUh6YNfUstRaXwJxtfnKEWhAWWlmKvh+Y3J2+98a0KKVYDEhz6NdKGqswLhjNGznxfSsZGOvOd9g=="
    "resolved" "https://registry.npmjs.org/adler-32/-/adler-32-1.3.0.tgz"
    "version" "1.3.0"
    dependencies:
      "printj" "~1.2.2"
  
  "amdefine@>=0.0.4":
    "integrity" "sha1-SlKCrBZHKek2Gbz9OtFR+BfOkfU="
    "resolved" "https://registry.npmjs.org/amdefine/-/amdefine-1.0.1.tgz"
    "version" "1.0.1"
  
  "ansi-styles@^3.2.1":
    "integrity" "sha512-VT0ZI6kZRdTh8YyJw3SMbYm/u+NqfsAxEpWO0Pf9sq8/e94WxxOpPKx9FR1FlyCtOVDNOQ+8ntlqFxiRc+r5qA=="
    "resolved" "https://registry.npmjs.org/ansi-styles/-/ansi-styles-3.2.1.tgz"
    "version" "3.2.1"
    dependencies:
      "color-convert" "^1.9.0"
  
  "antd@*", "antd@^4.17.3":
    "integrity" "sha512-enA6rsOAGtw0uN+khzvPoCui9j6m1ZvtAHY2IWC/mOUIwfycC8iuToND9ptAqeNF5yX8RZhFubmcc7Xeqk6wWg=="
    "resolved" "https://registry.npmjs.org/antd/-/antd-4.17.3.tgz"
    "version" "4.17.3"
    dependencies:
      "@ant-design/colors" "^6.0.0"
      "@ant-design/icons" "^4.7.0"
      "@ant-design/react-slick" "~0.28.1"
      "@babel/runtime" "^7.12.5"
      "@ctrl/tinycolor" "^3.4.0"
      "array-tree-filter" "^2.1.0"
      "classnames" "^2.2.6"
      "copy-to-clipboard" "^3.2.0"
      "lodash" "^4.17.21"
      "memoize-one" "^6.0.0"
      "moment" "^2.25.3"
      "rc-cascader" "~2.3.0"
      "rc-checkbox" "~2.3.0"
      "rc-collapse" "~3.1.0"
      "rc-dialog" "~8.6.0"
      "rc-drawer" "~4.4.2"
      "rc-dropdown" "~3.2.0"
      "rc-field-form" "~1.21.0"
      "rc-image" "~5.2.5"
      "rc-input-number" "~7.3.0"
      "rc-mentions" "~1.6.1"
      "rc-menu" "~9.0.12"
      "rc-motion" "^2.4.4"
      "rc-notification" "~4.5.7"
      "rc-pagination" "~3.1.9"
      "rc-picker" "~2.5.17"
      "rc-progress" "~3.1.0"
      "rc-rate" "~2.9.0"
      "rc-resize-observer" "^1.1.0"
      "rc-select" "~13.2.1"
      "rc-slider" "~9.7.4"
      "rc-steps" "~4.1.0"
      "rc-switch" "~3.2.0"
      "rc-table" "~7.19.0"
      "rc-tabs" "~11.10.0"
      "rc-textarea" "~0.3.0"
      "rc-tooltip" "~5.1.1"
      "rc-tree" "~5.3.0"
      "rc-tree-select" "~4.8.0"
      "rc-trigger" "^5.2.10"
      "rc-upload" "~4.3.0"
      "rc-util" "^5.14.0"
      "scroll-into-view-if-needed" "^2.2.25"
  
  "array-from@^2.1.1":
    "integrity" "sha1-z+nYwmYoudxa7MYqn12PHzUsEZU="
    "resolved" "https://registry.npmjs.org/array-from/-/array-from-2.1.1.tgz"
    "version" "2.1.1"
  
  "array-tree-filter@^2.1.0":
    "integrity" "sha512-4ROwICNlNw/Hqa9v+rk5h22KjmzB1JGTMVKP2AKJBOCgb0yL0ASf0+YvCcLNNwquOHNX48jkeZIJ3a+oOQqKcw=="
    "resolved" "https://registry.npmjs.org/array-tree-filter/-/array-tree-filter-2.1.0.tgz"
    "version" "2.1.0"
  
  "ast-transform@0.0.0":
    "integrity" "sha1-dJRAWIh9goPhidlUYAlHvJj+AGI="
    "resolved" "https://registry.npmjs.org/ast-transform/-/ast-transform-0.0.0.tgz"
    "version" "0.0.0"
    dependencies:
      "escodegen" "~1.2.0"
      "esprima" "~1.0.4"
      "through" "~2.3.4"
  
  "ast-types@^0.7.0":
    "integrity" "sha1-kC0uDWDQcb3NRtwRXhgJ7RHBOKk="
    "resolved" "https://registry.npmjs.org/ast-types/-/ast-types-0.7.8.tgz"
    "version" "0.7.8"
  
  "async-validator@^4.0.2":
    "integrity" "sha512-Pj2IR7u8hmUEDOwB++su6baaRi+QvsgajuFB9j95foM1N2gy5HM4z60hfusIO0fBPG5uLAEl6yCJr1jNSVugEQ=="
    "resolved" "https://registry.npmjs.org/async-validator/-/async-validator-4.0.7.tgz"
    "version" "4.0.7"
  
  "babel-plugin-styled-components@>= 1.12.0":
    "integrity" "sha512-7eG5NE8rChnNTDxa6LQfynwgHTVOYYaHJbUYSlOhk8QBXIQiMBKq4gyfHBBKPrxUcVBXVJL61ihduCpCQbuNbw=="
    "resolved" "https://registry.npmjs.org/babel-plugin-styled-components/-/babel-plugin-styled-components-2.0.2.tgz"
    "version" "2.0.2"
    dependencies:
      "@babel/helper-annotate-as-pure" "^7.16.0"
      "@babel/helper-module-imports" "^7.16.0"
      "babel-plugin-syntax-jsx" "^6.18.0"
      "lodash" "^4.17.11"
  
  "babel-plugin-syntax-jsx@^6.18.0":
    "integrity" "sha1-CvMqmm4Tyno/1QaeYtew9Y0NiUY="
    "resolved" "https://registry.npmjs.org/babel-plugin-syntax-jsx/-/babel-plugin-syntax-jsx-6.18.0.tgz"
    "version" "6.18.0"
  
  "base64-js@^1.1.2", "base64-js@^1.3.0":
    "integrity" "sha512-AKpaYlHn8t4SVbOHCy+b5+KKgvR4vrsD8vbvrbiQJps7fKDTkjkDry6ji0rUJjC0kzbNePLwzxq8iypo41qeWA=="
    "resolved" "https://registry.npmjs.org/base64-js/-/base64-js-1.5.1.tgz"
    "version" "1.5.1"
  
  "base64-js@1.3.1":
    "integrity" "sha512-mLQ4i2QO1ytvGWFWmcngKO//JXAQueZvwEKtjgQFM4jIK0kU+ytMfplL8j+n5mspOfjHwoAg+9yhb7BwAHm36g=="
    "resolved" "https://registry.npmjs.org/base64-js/-/base64-js-1.3.1.tgz"
    "version" "1.3.1"
  
  "brfs@^2.0.0", "brfs@^2.0.2":
    "integrity" "sha512-IrFjVtwu4eTJZyu8w/V2gxU7iLTtcHih67sgEdzrhjLBMHp2uYefUBfdM4k2UvcuWMgV7PQDZHSLeNWnLFKWVQ=="
    "resolved" "https://registry.npmjs.org/brfs/-/brfs-2.0.2.tgz"
    "version" "2.0.2"
    dependencies:
      "quote-stream" "^1.0.1"
      "resolve" "^1.1.5"
      "static-module" "^3.0.2"
      "through2" "^2.0.0"
  
  "brotli@^1.2.0":
    "integrity" "sha1-UlqcrU/LqWR119OI9q7LE+7VL0Y="
    "resolved" "https://registry.npmjs.org/brotli/-/brotli-1.3.2.tgz"
    "version" "1.3.2"
    dependencies:
      "base64-js" "^1.1.2"
  
  "browser-resolve@^1.8.1":
    "integrity" "sha512-exDi1BYWB/6raKHmDTCicQfTkqwN5fioMFV4j8BsfMU4R2DK/QfZfK7kOVkmWCNANf0snkBzqGqAJBao9gZMdQ=="
    "resolved" "https://registry.npmjs.org/browser-resolve/-/browser-resolve-1.11.3.tgz"
    "version" "1.11.3"
    dependencies:
      "resolve" "1.1.7"
  
  "browserify-optional@^1.0.1":
    "integrity" "sha1-HhNyLP3g2F8SFnbCpyztUzoBiGk="
    "resolved" "https://registry.npmjs.org/browserify-optional/-/browserify-optional-1.0.1.tgz"
    "version" "1.0.1"
    dependencies:
      "ast-transform" "0.0.0"
      "ast-types" "^0.7.0"
      "browser-resolve" "^1.8.1"
  
  "browserslist@^4.17.5":
    "integrity" "sha512-8ScCzdpPwR2wQh8IT82CA2VgDwjHyqMovPBZSNH54+tm4Jk2pCuv90gmAdH6J84OCRWi0b4gMe6O6XPXuJnjgQ=="
    "resolved" "https://registry.npmjs.org/browserslist/-/browserslist-4.18.1.tgz"
    "version" "4.18.1"
    dependencies:
      "caniuse-lite" "^1.0.30001280"
      "electron-to-chromium" "^1.3.896"
      "escalade" "^3.1.1"
      "node-releases" "^2.0.1"
      "picocolors" "^1.0.0"
  
  "buffer-equal@0.0.1":
    "integrity" "sha1-kbx0sR6kBbyRa8aqkI+q+ltKrEs="
    "resolved" "https://registry.npmjs.org/buffer-equal/-/buffer-equal-0.0.1.tgz"
    "version" "0.0.1"
  
  "buffer-from@^1.0.0":
    "integrity" "sha512-E+XQCRwSbaaiChtv6k6Dwgc+bx+Bs6vuKJHHl5kox/BaKbhiXzqQOwK4cO22yElGp2OCmjwVhT3HmxgyPGnJfQ=="
    "resolved" "https://registry.npmjs.org/buffer-from/-/buffer-from-1.1.2.tgz"
    "version" "1.1.2"
  
  "call-bind@^1.0.2":
    "integrity" "sha512-7O+FbCihrB5WGbFYesctwmTKae6rOiIzmz1icreWJ+0aA7LJfuqhEso2T9ncpcFtzMQtzXf2QGGueWJGTYsqrA=="
    "resolved" "https://registry.npmjs.org/call-bind/-/call-bind-1.0.2.tgz"
    "version" "1.0.2"
    dependencies:
      "function-bind" "^1.1.1"
      "get-intrinsic" "^1.0.2"
  
  "camelize@^1.0.0":
    "integrity" "sha1-FkpUg+Yw+kMh5a8HAg5TGDGyYJs="
    "resolved" "https://registry.npmjs.org/camelize/-/camelize-1.0.0.tgz"
    "version" "1.0.0"
  
  "caniuse-lite@^1.0.30001280":
    "integrity" "sha512-zaEMRH6xg8ESMi2eQ3R4eZ5qw/hJiVsO/HlLwniIwErij0JDr9P+8V4dtx1l+kLq6j3yy8l8W4fst1lBnat5wQ=="
    "resolved" "https://registry.npmjs.org/caniuse-lite/-/caniuse-lite-1.0.30001286.tgz"
    "version" "1.0.30001286"
  
  "cfb@^1.1.4":
    "integrity" "sha512-wT2ScPAFGSVy7CY+aauMezZBnNrfnaLSrxHUHdea+Td/86vrk6ZquggV+ssBR88zNs0OnBkL2+lf9q0K+zVGzQ=="
    "resolved" "https://registry.npmjs.org/cfb/-/cfb-1.2.1.tgz"
    "version" "1.2.1"
    dependencies:
      "adler-32" "~1.3.0"
      "crc-32" "~1.2.0"
      "printj" "~1.3.0"
  
  "chalk@^2.0.0":
    "integrity" "sha512-Mti+f9lpJNcwF4tWV8/OrTTtF1gZi+f8FqlyAdouralcFWFQWF2+NgCHShjkCb+IFBLq9buZwE1xckQU4peSuQ=="
    "resolved" "https://registry.npmjs.org/chalk/-/chalk-2.4.2.tgz"
    "version" "2.4.2"
    dependencies:
      "ansi-styles" "^3.2.1"
      "escape-string-regexp" "^1.0.5"
      "supports-color" "^5.3.0"
  
  "classnames@^2.2.1", "classnames@^2.2.3", "classnames@^2.2.5", "classnames@^2.2.6", "classnames@^2.3.1", "classnames@2.x":
    "integrity" "sha512-OlQdbZ7gLfGarSqxesMesDa5uz7KFbID8Kpq/SxIoNGDqY8lSYs0D+hhtBXhcdB3rcbXArFr7vlHheLk1voeNA=="
    "resolved" "https://registry.npmjs.org/classnames/-/classnames-2.3.1.tgz"
    "version" "2.3.1"
  
  "clone@^1.0.4":
    "integrity" "sha1-2jCcwmPfFZlMaIypAheco8fNfH4="
    "resolved" "https://registry.npmjs.org/clone/-/clone-1.0.4.tgz"
    "version" "1.0.4"
  
  "codepage@~1.15.0":
    "integrity" "sha512-3g6NUTPd/YtuuGrhMnOMRjFc+LJw/bnMp3+0r/Wcz3IXUuCosKRJvMphm5+Q+bvTVGcJJuRvVLuYba+WojaFaA=="
    "resolved" "https://registry.npmjs.org/codepage/-/codepage-1.15.0.tgz"
    "version" "1.15.0"
  
  "color-convert@^1.9.0":
    "integrity" "sha512-QfAUtd+vFdAtFQcC8CCyYt1fYWxSqAiK2cSD6zDB8N3cpsEBAvRxp9zOGg6G/SHHJYAT88/az/IuDGALsNVbGg=="
    "resolved" "https://registry.npmjs.org/color-convert/-/color-convert-1.9.3.tgz"
    "version" "1.9.3"
    dependencies:
      "color-name" "1.1.3"
  
  "color-name@1.1.3":
    "integrity" "sha1-p9BVi9icQveV3UIyj3QIMcpTvCU="
    "resolved" "https://registry.npmjs.org/color-name/-/color-name-1.1.3.tgz"
    "version" "1.1.3"
  
  "commander@2":
    "integrity" "sha512-GpVkmM8vF2vQUkj2LvZmD35JxeJOLCwJ9cUkugyk2nuhbv3+mJvpLYYt+0+USMxE+oj+ey/lJEnhZw75x/OMcQ=="
    "resolved" "https://registry.npmjs.org/commander/-/commander-2.20.3.tgz"
    "version" "2.20.3"
  
  "compute-scroll-into-view@^1.0.17":
    "integrity" "sha512-j4dx+Fb0URmzbwwMUrhqWM2BEWHdFGx+qZ9qqASHRPqvTYdqvWnHg0H1hIbcyLnvgnoNAVMlwkepyqM3DaIFUg=="
    "resolved" "https://registry.npmjs.org/compute-scroll-into-view/-/compute-scroll-into-view-1.0.17.tgz"
    "version" "1.0.17"
  
  "concat-stream@~1.6.0":
    "integrity" "sha512-27HBghJxjiZtIk3Ycvn/4kbJk/1uZuJFfuPEns6LaEvpvG1f0hTea8lilrouyo9mVc2GWdcEZ8OLoGmSADlrCw=="
    "resolved" "https://registry.npmjs.org/concat-stream/-/concat-stream-1.6.2.tgz"
    "version" "1.6.2"
    dependencies:
      "buffer-from" "^1.0.0"
      "inherits" "^2.0.3"
      "readable-stream" "^2.2.2"
      "typedarray" "^0.0.6"
  
  "convert-source-map@^1.5.1", "convert-source-map@^1.7.0":
    "integrity" "sha512-+OQdjP49zViI/6i7nIJpA8rAl4sV/JdPfU9nZs3VqOwGIgizICvuN2ru6fMd+4llL0tar18UYJXfZ/TWtmhUjA=="
    "resolved" "https://registry.npmjs.org/convert-source-map/-/convert-source-map-1.8.0.tgz"
    "version" "1.8.0"
    dependencies:
      "safe-buffer" "~5.1.1"
  
  "copy-to-clipboard@^3.2.0":
    "integrity" "sha512-i13qo6kIHTTpCm8/Wup+0b1mVWETvu2kIMzKoK8FpkLkFxlt0znUAHcMzox+T8sPlqtZXq3CulEjQHsYiGFJUw=="
    "resolved" "https://registry.npmjs.org/copy-to-clipboard/-/copy-to-clipboard-3.3.1.tgz"
    "version" "3.3.1"
    dependencies:
      "toggle-selection" "^1.0.6"
  
  "core-js@^3.0.0":
    "integrity" "sha512-LeLBMgEGSsG7giquSzvgBrTS7V5UL6ks3eQlUSbN8dJStlLFiRzUm5iqsRyzUB8carhfKjkJ2vzKqE6z1Vga9g=="
    "resolved" "https://registry.npmjs.org/core-js/-/core-js-3.19.3.tgz"
    "version" "3.19.3"
  
  "core-util-is@~1.0.0":
    "integrity" "sha512-ZQBvi1DcpJ4GDqanjucZ2Hj3wEO5pZDS89BWbkcrvdxksJorwUDDZamX9ldFkp9aw2lmBDLgkObEA4DWNJ9FYQ=="
    "resolved" "https://registry.npmjs.org/core-util-is/-/core-util-is-1.0.3.tgz"
    "version" "1.0.3"
  
  "crc-32@~1.2.0":
    "integrity" "sha512-1uBwHxF+Y/4yF5G48fwnKq6QsIXheor3ZLPT80yGBV1oEUwpPojlEhQbWKVw1VwcTQyMGHK1/XMmTjmlsmTTGA=="
    "resolved" "https://registry.npmjs.org/crc-32/-/crc-32-1.2.0.tgz"
    "version" "1.2.0"
    dependencies:
      "exit-on-epipe" "~1.0.1"
      "printj" "~1.1.0"
  
  "crypto-js@^4.0.0":
    "integrity" "sha512-o2JlM7ydqd3Qk9CA0L4NL6mTzU2sdx96a+oOfPu8Mkl/PK51vSyoi8/rQ8NknZtk44vq15lmhAj9CIAGwgeWKw=="
    "resolved" "https://registry.npmjs.org/crypto-js/-/crypto-js-4.1.1.tgz"
    "version" "4.1.1"
  
  "css-color-keywords@^1.0.0":
    "integrity" "sha1-/qJhbcZ2spYmhrOvjb2+GAskTgU="
    "resolved" "https://registry.npmjs.org/css-color-keywords/-/css-color-keywords-1.0.0.tgz"
    "version" "1.0.0"
  
  "css-to-react-native@^3.0.0":
    "integrity" "sha512-Ro1yETZA813eoyUp2GDBhG2j+YggidUmzO1/v9eYBKR2EHVEniE2MI/NqpTQ954BMpTPZFsGNPm46qFB9dpaPQ=="
    "resolved" "https://registry.npmjs.org/css-to-react-native/-/css-to-react-native-3.0.0.tgz"
    "version" "3.0.0"
    dependencies:
      "camelize" "^1.0.0"
      "css-color-keywords" "^1.0.0"
      "postcss-value-parser" "^4.0.2"
  
  "csstype@^3.0.2":
    "integrity" "sha512-2u44ZG2OcNUO9HDp/Jl8C07x6pU/eTR3ncV91SiK3dhG9TWvRVsCoJw14Ckx5DgWkzGA3waZWO3d7pgqpUI/XA=="
    "resolved" "https://registry.npmjs.org/csstype/-/csstype-3.0.10.tgz"
    "version" "3.0.10"
  
  "d@^1.0.1", "d@1":
    "integrity" "sha512-m62ShEObQ39CfralilEQRjH6oAMtNCV1xJyEx5LpRYUVN+EviphDgUc/F3hnYbADmkiNs67Y+3ylmlG7Lnu+FA=="
    "resolved" "https://registry.npmjs.org/d/-/d-1.0.1.tgz"
    "version" "1.0.1"
    dependencies:
      "es5-ext" "^0.10.50"
      "type" "^1.0.1"
  
  "d3-array@^2.5.0", "d3-array@1 - 2":
    "integrity" "sha512-B0ErZK/66mHtEsR1TkPEEkwdy+WDesimkM5gpZr5Dsg54BiTA5RXtYW5qTLIAcekaS9xfZrzBLF/OAkB3Qn1YQ=="
    "resolved" "https://registry.npmjs.org/d3-array/-/d3-array-2.12.1.tgz"
    "version" "2.12.1"
    dependencies:
      "internmap" "^1.0.0"
  
  "d3-color@1":
    "integrity" "sha512-p2sTHSLCJI2QKunbGb7ocOh7DgTAn8IrLx21QRc/BSnodXM4sv6aLQlnfpvehFMLZEfBc6g9pH9SWQccFYfJ9Q=="
    "resolved" "https://registry.npmjs.org/d3-color/-/d3-color-1.4.1.tgz"
    "version" "1.4.1"
  
  "d3-dispatch@1 - 2":
    "integrity" "sha512-S/m2VsXI7gAti2pBoLClFFTMOO1HTtT0j99AuXLoGFKO6deHDdnv6ZGTxSTTUTgO1zVcv82fCOtDjYK4EECmWA=="
    "resolved" "https://registry.npmjs.org/d3-dispatch/-/d3-dispatch-2.0.0.tgz"
    "version" "2.0.0"
  
  "d3-dispatch@1":
    "integrity" "sha512-fVjoElzjhCEy+Hbn8KygnmMS7Or0a9sI2UzGwoB7cCtvI1XpVN9GpoYlnb3xt2YV66oXYb1fLJ8GMvP4hdU1RA=="
    "resolved" "https://registry.npmjs.org/d3-dispatch/-/d3-dispatch-1.0.6.tgz"
    "version" "1.0.6"
  
  "d3-ease@1":
    "integrity" "sha512-lx14ZPYkhNx0s/2HX5sLFUI3mbasHjSSpwO/KaaNACweVwxUruKyWVcb293wMv1RqTPZyZ8kSZ2NogUZNcLOFQ=="
    "resolved" "https://registry.npmjs.org/d3-ease/-/d3-ease-1.0.7.tgz"
    "version" "1.0.7"
  
  "d3-force@^2.0.1":
    "integrity" "sha512-nAuHEzBqMvpFVMf9OX75d00OxvOXdxY+xECIXjW6Gv8BRrXu6gAWbv/9XKrvfJ5i5DCokDW7RYE50LRoK092ew=="
    "resolved" "https://registry.npmjs.org/d3-force/-/d3-force-2.1.1.tgz"
    "version" "2.1.1"
    dependencies:
      "d3-dispatch" "1 - 2"
      "d3-quadtree" "1 - 2"
      "d3-timer" "1 - 2"
  
  "d3-geo-projection@^3.0.0":
    "integrity" "sha512-1JE+filVbkEX2bT25dJdQ05iA4QHvUwev6o0nIQHOSrNlHCAKfVss/U10vEM3pA4j5v7uQoFdQ4KLbx9BlEbWA=="
    "resolved" "https://registry.npmjs.org/d3-geo-projection/-/d3-geo-projection-3.0.0.tgz"
    "version" "3.0.0"
    dependencies:
      "commander" "2"
      "d3-array" "1 - 2"
      "d3-geo" "1.12.0 - 2"
      "resolve" "^1.1.10"
  
  "d3-geo@^2.0.1", "d3-geo@1.12.0 - 2":
    "integrity" "sha512-8pM1WGMLGFuhq9S+FpPURxic+gKzjluCD/CHTuUF3mXMeiCo0i6R0tO1s4+GArRFde96SLcW/kOFRjoAosPsFA=="
    "resolved" "https://registry.npmjs.org/d3-geo/-/d3-geo-2.0.2.tgz"
    "version" "2.0.2"
    dependencies:
      "d3-array" "^2.5.0"
  
  "d3-interpolate@1":
    "integrity" "sha512-V9znK0zc3jOPV4VD2zZn0sDhZU3WAE2bmlxdIwwQPPzPjvyLkd8B3JUVdS1IDUFDkWZ72c9qnv1GK2ZagTZ8EA=="
    "resolved" "https://registry.npmjs.org/d3-interpolate/-/d3-interpolate-1.4.0.tgz"
    "version" "1.4.0"
    dependencies:
      "d3-color" "1"
  
  "d3-quadtree@1 - 2":
    "integrity" "sha512-b0Ed2t1UUalJpc3qXzKi+cPGxeXRr4KU9YSlocN74aTzp6R/Ud43t79yLLqxHRWZfsvWXmbDWPpoENK1K539xw=="
    "resolved" "https://registry.npmjs.org/d3-quadtree/-/d3-quadtree-2.0.0.tgz"
    "version" "2.0.0"
  
  "d3-selection@^1.0.2", "d3-selection@^1.1.0":
    "integrity" "sha512-SJ0BqYihzOjDnnlfyeHT0e30k0K1+5sR3d5fNueCNeuhZTnGw4M4o8mqJchSwgKMXCNFo+e2VTChiSJ0vYtXkg=="
    "resolved" "https://registry.npmjs.org/d3-selection/-/d3-selection-1.4.2.tgz"
    "version" "1.4.2"
  
  "d3-timer@1 - 2":
    "integrity" "sha512-TO4VLh0/420Y/9dO3+f9abDEFYeCUr2WZRlxJvbp4HPTQcSylXNiL6yZa9FIUvV1yRiFufl1bszTCLDqv9PWNA=="
    "resolved" "https://registry.npmjs.org/d3-timer/-/d3-timer-2.0.0.tgz"
    "version" "2.0.0"
  
  "d3-timer@1":
    "integrity" "sha512-B1JDm0XDaQC+uvo4DT79H0XmBskgS3l6Ve+1SBCfxgmtIb1AVrPIoqd+nPSv+loMX8szQ0sVUhGngL7D5QPiXw=="
    "resolved" "https://registry.npmjs.org/d3-timer/-/d3-timer-1.0.10.tgz"
    "version" "1.0.10"
  
  "d3-transition@^1.0.1":
    "integrity" "sha512-sc0gRU4PFqZ47lPVHloMn9tlPcv8jxgOQg+0zjhfZXMQuvppjG6YuwdMBE0TuqCZjeJkLecku/l9R0JPcRhaDA=="
    "resolved" "https://registry.npmjs.org/d3-transition/-/d3-transition-1.3.2.tgz"
    "version" "1.3.2"
    dependencies:
      "d3-color" "1"
      "d3-dispatch" "1"
      "d3-ease" "1"
      "d3-interpolate" "1"
      "d3-selection" "^1.1.0"
      "d3-timer" "1"
  
  "dash-ast@^2.0.1":
    "integrity" "sha512-5TXltWJGc+RdnabUGzhRae1TRq6m4gr+3K2wQX0is5/F2yS6MJXJvLyI3ErAnsAXuJoGqvfVD5icRgim07DrxQ=="
    "resolved" "https://registry.npmjs.org/dash-ast/-/dash-ast-2.0.1.tgz"
    "version" "2.0.1"
  
  "date-fns@2.x":
    "integrity" "sha512-sj+J0Mo2p2X1e306MHq282WS4/A8Pz/95GIFcsPNMPMZVI3EUrAdSv90al1k+p74WGLCruMXk23bfEDZa71X9Q=="
    "resolved" "https://registry.npmjs.org/date-fns/-/date-fns-2.27.0.tgz"
    "version" "2.27.0"
  
  "dayjs@1.x":
    "integrity" "sha512-P6twpd70BcPK34K26uJ1KT3wlhpuOAPoMwJzpsIWUxHZ7wpmbdZL/hQqBDfz7hGurYSa5PhzdhDHtt319hL3ig=="
    "resolved" "https://registry.npmjs.org/dayjs/-/dayjs-1.10.7.tgz"
    "version" "1.10.7"
  
  "debug@^4.1.0":
    "integrity" "sha512-/zxw5+vh1Tfv+4Qn7a5nsbcJKPaSvCDhojn6FEl9vupwK2VCSDtEiEtqr8DFtzYFOdz63LBkxec7DYuc2jon6Q=="
    "resolved" "https://registry.npmjs.org/debug/-/debug-4.3.3.tgz"
    "version" "4.3.3"
    dependencies:
      "ms" "2.1.2"
  
  "deep-equal@^1.0.0":
    "integrity" "sha512-yd9c5AdiqVcR+JjcwUQb9DkhJc8ngNr0MahEBGvDiJw8puWab2yZlh+nkasOnZP+EGTAP6rRp2JzJhJZzvNF8g=="
    "resolved" "https://registry.npmjs.org/deep-equal/-/deep-equal-1.1.1.tgz"
    "version" "1.1.1"
    dependencies:
      "is-arguments" "^1.0.4"
      "is-date-object" "^1.0.1"
      "is-regex" "^1.0.4"
      "object-is" "^1.0.1"
      "object-keys" "^1.1.1"
      "regexp.prototype.flags" "^1.2.0"
  
  "deep-is@~0.1.3":
    "integrity" "sha512-oIPzksmTg4/MriiaYGO+okXDT7ztn/w3Eptv/+gSIdMdKsJo0u4CfYNFJPy+4SKMuCqGw2wxnA+URMg3t8a/bQ=="
    "resolved" "https://registry.npmjs.org/deep-is/-/deep-is-0.1.4.tgz"
    "version" "0.1.4"
  
  "define-properties@^1.1.3":
    "integrity" "sha512-3MqfYKj2lLzdMSf8ZIZE/V+Zuy+BgD6f164e8K2w7dgnpKArBDerGYpM46IYYcjnkdPNMjPk9A6VFB8+3SKlXQ=="
    "resolved" "https://registry.npmjs.org/define-properties/-/define-properties-1.1.3.tgz"
    "version" "1.1.3"
    dependencies:
      "object-keys" "^1.0.12"
  
  "dfa@^1.2.0":
    "integrity" "sha512-ED3jP8saaweFTjeGX8HQPjeC1YYyZs98jGNZx6IiBvxW7JG5v492kamAQB3m2wop07CvU/RQmzcKr6bgcC5D/Q=="
    "resolved" "https://registry.npmjs.org/dfa/-/dfa-1.2.0.tgz"
    "version" "1.2.0"
  
  "dom-align@^1.7.0":
    "integrity" "sha512-pHuazgqrsTFrGU2WLDdXxCFabkdQDx72ddkraZNih1KsMcN5qsRSTR9O4VJRlwTPCPb5COYg3LOfiMHHcPInHg=="
    "resolved" "https://registry.npmjs.org/dom-align/-/dom-align-1.12.2.tgz"
    "version" "1.12.2"
  
  "duplexer2@~0.1.4":
    "integrity" "sha1-ixLauHjA1p4+eJEFFmKjL8a93ME="
    "resolved" "https://registry.npmjs.org/duplexer2/-/duplexer2-0.1.4.tgz"
    "version" "0.1.4"
    dependencies:
      "readable-stream" "^2.0.2"
  
  "electron-to-chromium@^1.3.896":
    "integrity" "sha512-WDw2IUL3k4QpbzInV3JZK+Zd1NjWJPDZ28oUSchWb/kf6AVj7/niaAlgcJlvojFa1d7pJSyQ/KSZsEtq5W7aGQ=="
    "resolved" "https://registry.npmjs.org/electron-to-chromium/-/electron-to-chromium-1.4.15.tgz"
    "version" "1.4.15"
  
  "es5-ext@^0.10.35", "es5-ext@^0.10.50", "es5-ext@~0.10.14":
    "integrity" "sha512-Xs2Stw6NiNHWypzRTY1MtaG/uJlwCk8kH81920ma8mvN8Xq1gsfhZvpkImLQArw8AHnv8MT2I45J3c0R8slE+Q=="
    "resolved" "https://registry.npmjs.org/es5-ext/-/es5-ext-0.10.53.tgz"
    "version" "0.10.53"
    dependencies:
      "es6-iterator" "~2.0.3"
      "es6-symbol" "~3.1.3"
      "next-tick" "~1.0.0"
  
  "es6-iterator@~2.0.1", "es6-iterator@~2.0.3":
    "integrity" "sha1-p96IkUGgWpSwhUQDstCg+/qY87c="
    "resolved" "https://registry.npmjs.org/es6-iterator/-/es6-iterator-2.0.3.tgz"
    "version" "2.0.3"
    dependencies:
      "d" "1"
      "es5-ext" "^0.10.35"
      "es6-symbol" "^3.1.1"
  
  "es6-map@^0.1.5":
    "integrity" "sha1-kTbgUD3MBqMBaQ8LsU/042TpSfA="
    "resolved" "https://registry.npmjs.org/es6-map/-/es6-map-0.1.5.tgz"
    "version" "0.1.5"
    dependencies:
      "d" "1"
      "es5-ext" "~0.10.14"
      "es6-iterator" "~2.0.1"
      "es6-set" "~0.1.5"
      "es6-symbol" "~3.1.1"
      "event-emitter" "~0.3.5"
  
  "es6-set@^0.1.5", "es6-set@~0.1.5":
    "integrity" "sha1-0rPsXU2ADO2BjbU40ol02wpzzLE="
    "resolved" "https://registry.npmjs.org/es6-set/-/es6-set-0.1.5.tgz"
    "version" "0.1.5"
    dependencies:
      "d" "1"
      "es5-ext" "~0.10.14"
      "es6-iterator" "~2.0.1"
      "es6-symbol" "3.1.1"
      "event-emitter" "~0.3.5"
  
  "es6-symbol@^3.1.1", "es6-symbol@~3.1.1", "es6-symbol@~3.1.3":
    "integrity" "sha512-NJ6Yn3FuDinBaBRWl/q5X/s4koRHBrgKAu+yGI6JCBeiu3qrcbJhwT2GeR/EXVfylRk8dpQVJoLEFhK+Mu31NA=="
    "resolved" "https://registry.npmjs.org/es6-symbol/-/es6-symbol-3.1.3.tgz"
    "version" "3.1.3"
    dependencies:
      "d" "^1.0.1"
      "ext" "^1.1.2"
  
  "es6-symbol@3.1.1":
    "integrity" "sha1-vwDvT9q2uhtG7Le2KbTH7VcVzHc="
    "resolved" "https://registry.npmjs.org/es6-symbol/-/es6-symbol-3.1.1.tgz"
    "version" "3.1.1"
    dependencies:
      "d" "1"
      "es5-ext" "~0.10.14"
  
  "esbuild-windows-64@0.13.15":
    "integrity" "sha512-9aMsPRGDWCd3bGjUIKG/ZOJPKsiztlxl/Q3C1XDswO6eNX/Jtwu4M+jb6YDH9hRSUflQWX0XKAfWzgy5Wk54JQ=="
    "resolved" "https://registry.npmjs.org/esbuild-windows-64/-/esbuild-windows-64-0.13.15.tgz"
    "version" "0.13.15"
  
  "esbuild@^0.13.12":
    "integrity" "sha512-raCxt02HBKv8RJxE8vkTSCXGIyKHdEdGfUmiYb8wnabnaEmHzyW7DCHb5tEN0xU8ryqg5xw54mcwnYkC4x3AIw=="
    "resolved" "https://registry.npmjs.org/esbuild/-/esbuild-0.13.15.tgz"
    "version" "0.13.15"
    optionalDependencies:
      "esbuild-android-arm64" "0.13.15"
      "esbuild-darwin-64" "0.13.15"
      "esbuild-darwin-arm64" "0.13.15"
      "esbuild-freebsd-64" "0.13.15"
      "esbuild-freebsd-arm64" "0.13.15"
      "esbuild-linux-32" "0.13.15"
      "esbuild-linux-64" "0.13.15"
      "esbuild-linux-arm" "0.13.15"
      "esbuild-linux-arm64" "0.13.15"
      "esbuild-linux-mips64le" "0.13.15"
      "esbuild-linux-ppc64le" "0.13.15"
      "esbuild-netbsd-64" "0.13.15"
      "esbuild-openbsd-64" "0.13.15"
      "esbuild-sunos-64" "0.13.15"
      "esbuild-windows-32" "0.13.15"
      "esbuild-windows-64" "0.13.15"
      "esbuild-windows-arm64" "0.13.15"
  
  "escalade@^3.1.1":
    "integrity" "sha512-k0er2gUkLf8O0zKJiAhmkTnJlTvINGv7ygDNPbeIsX/TJjGJZHuh9B2UxbsaEkmlEo9MfhrSzmhIlhRlI2GXnw=="
    "resolved" "https://registry.npmjs.org/escalade/-/escalade-3.1.1.tgz"
    "version" "3.1.1"
  
  "escape-string-regexp@^1.0.5":
    "integrity" "sha1-G2HAViGQqN/2rjuyzwIAyhMLhtQ="
    "resolved" "https://registry.npmjs.org/escape-string-regexp/-/escape-string-regexp-1.0.5.tgz"
    "version" "1.0.5"
  
  "escodegen@^1.11.1":
    "integrity" "sha512-qFcX0XJkdg+PB3xjZZG/wKSuT1PnQWx57+TVSjIMmILd2yC/6ByYElPwJnslDsuWuSAp4AwJGumarAAmJch5Kw=="
    "resolved" "https://registry.npmjs.org/escodegen/-/escodegen-1.14.3.tgz"
    "version" "1.14.3"
    dependencies:
      "esprima" "^4.0.1"
      "estraverse" "^4.2.0"
      "esutils" "^2.0.2"
      "optionator" "^0.8.1"
    optionalDependencies:
      "source-map" "~0.6.1"
  
  "escodegen@~1.2.0":
    "integrity" "sha1-Cd55Z3kcyVi3+Jot220jRRrzJ+E="
    "resolved" "https://registry.npmjs.org/escodegen/-/escodegen-1.2.0.tgz"
    "version" "1.2.0"
    dependencies:
      "esprima" "~1.0.4"
      "estraverse" "~1.5.0"
      "esutils" "~1.0.0"
    optionalDependencies:
      "source-map" "~0.1.30"
  
  "esprima@^4.0.1":
    "integrity" "sha512-eGuFFw7Upda+g4p+QHvnW0RyTX/SVeJBDM/gCtMARO0cLuT2HcEKnTPvhjV6aGeqrCB/sbNop0Kszm0jsaWU4A=="
    "resolved" "https://registry.npmjs.org/esprima/-/esprima-4.0.1.tgz"
    "version" "4.0.1"
  
  "esprima@~1.0.4":
    "integrity" "sha1-n1V+CPw7TSbs6d00+Pv0drYlha0="
    "resolved" "https://registry.npmjs.org/esprima/-/esprima-1.0.4.tgz"
    "version" "1.0.4"
  
  "estraverse@^4.2.0":
    "integrity" "sha512-39nnKffWz8xN1BU/2c79n9nB9HDzo0niYUqx6xyqUnyoAnQyyWpOTdZEeiCch8BBu515t4wp9ZmgVfVhn9EBpw=="
    "resolved" "https://registry.npmjs.org/estraverse/-/estraverse-4.3.0.tgz"
    "version" "4.3.0"
  
  "estraverse@~1.5.0":
    "integrity" "sha1-hno+jlip+EYYr7bC3bzZFrfLr3E="
    "resolved" "https://registry.npmjs.org/estraverse/-/estraverse-1.5.1.tgz"
    "version" "1.5.1"
  
  "estree-is-function@^1.0.0":
    "integrity" "sha512-nSCWn1jkSq2QAtkaVLJZY2ezwcFO161HVc174zL1KPW3RJ+O6C3eJb8Nx7OXzvhoEv+nLgSR1g71oWUHUDTrJA=="
    "resolved" "https://registry.npmjs.org/estree-is-function/-/estree-is-function-1.0.0.tgz"
    "version" "1.0.0"
  
  "estree-walker@^2.0.1":
    "integrity" "sha512-Rfkk/Mp/DL7JVje3u18FxFujQlTNR2q6QfMSMB7AvCBx91NGj/ba3kCfza0f6dVDbw7YlRf/nDrn7pQrCCyQ/w=="
    "resolved" "https://registry.npmjs.org/estree-walker/-/estree-walker-2.0.2.tgz"
    "version" "2.0.2"
  
  "esutils@^2.0.2":
    "integrity" "sha512-kVscqXk4OCp68SZ0dkgEKVi6/8ij300KBWTJq32P/dYeWTSwK41WyTxalN1eRmA5Z9UU/LX9D7FWSmV9SAYx6g=="
    "resolved" "https://registry.npmjs.org/esutils/-/esutils-2.0.3.tgz"
    "version" "2.0.3"
  
  "esutils@~1.0.0":
    "integrity" "sha1-gVHTWOIMisx/t0XnRywAJf5JZXA="
    "resolved" "https://registry.npmjs.org/esutils/-/esutils-1.0.0.tgz"
    "version" "1.0.0"
  
  "event-emitter@~0.3.5":
    "integrity" "sha1-34xp7vFkeSPHFXuc6DhAYQsCzDk="
    "resolved" "https://registry.npmjs.org/event-emitter/-/event-emitter-0.3.5.tgz"
    "version" "0.3.5"
    dependencies:
      "d" "1"
      "es5-ext" "~0.10.14"
  
  "exit-on-epipe@~1.0.1":
    "integrity" "sha512-h2z5mrROTxce56S+pnvAV890uu7ls7f1kEvVGJbw1OlFH3/mlJ5bkXu0KRyW94v37zzHPiUd55iLn3DA7TjWpw=="
    "resolved" "https://registry.npmjs.org/exit-on-epipe/-/exit-on-epipe-1.0.1.tgz"
    "version" "1.0.1"
  
  "ext@^1.1.2":
    "integrity" "sha512-sdBImtzkq2HpkdRLtlLWDa6w4DX22ijZLKx8BMPUuKe1c5lbN6xwQDQCxSfxBQnHZ13ls/FH0MQZx/q/gr6FQg=="
    "resolved" "https://registry.npmjs.org/ext/-/ext-1.6.0.tgz"
    "version" "1.6.0"
    dependencies:
      "type" "^2.5.0"
  
  "fast-levenshtein@~2.0.6":
    "integrity" "sha1-PYpcZog6FqMMqGQ+hR8Zuqd5eRc="
    "resolved" "https://registry.npmjs.org/fast-levenshtein/-/fast-levenshtein-2.0.6.tgz"
    "version" "2.0.6"
  
  "frac@~1.1.2":
    "integrity" "sha512-w/XBfkibaTl3YDqASwfDUqkna4Z2p9cFSr1aHDt0WoMTECnRfBOv2WArlZILlqgWlmdIlALXGpM2AOhEk5W3IA=="
    "resolved" "https://registry.npmjs.org/frac/-/frac-1.1.2.tgz"
    "version" "1.1.2"
  
  "function-bind@^1.1.1":
    "integrity" "sha512-yIovAzMX49sF8Yl58fSCWJ5svSLuaibPxXQJFLmBObTuCr0Mf1KiPopGM9NiFjiYBCbfaa2Fh6breQ6ANVTI0A=="
    "resolved" "https://registry.npmjs.org/function-bind/-/function-bind-1.1.1.tgz"
    "version" "1.1.1"
  
  "gensync@^1.0.0-beta.2":
    "integrity" "sha512-3hN7NaskYvMDLQY55gnW3NQ+mesEAepTqlg+VEbj7zzqEMBVNhzcGYYeqFo/TlYz6eQiFcp1HcsCZO+nGgS8zg=="
    "resolved" "https://registry.npmjs.org/gensync/-/gensync-1.0.0-beta.2.tgz"
    "version" "1.0.0-beta.2"
  
  "get-assigned-identifiers@^1.1.0":
    "integrity" "sha512-mBBwmeGTrxEMO4pMaaf/uUEFHnYtwr8FTe8Y/mer4rcV/bye0qGm6pw1bGZFGStxC5O76c5ZAVBGnqHmOaJpdQ=="
    "resolved" "https://registry.npmjs.org/get-assigned-identifiers/-/get-assigned-identifiers-1.2.0.tgz"
    "version" "1.2.0"
  
  "get-intrinsic@^1.0.2":
    "integrity" "sha512-kWZrnVM42QCiEA2Ig1bG8zjoIMOgxWwYCEeNdwY6Tv/cOSeGpcoX4pXHfKUxNKVoArnrEr2e9srnAxxGIraS9Q=="
    "resolved" "https://registry.npmjs.org/get-intrinsic/-/get-intrinsic-1.1.1.tgz"
    "version" "1.1.1"
    dependencies:
      "function-bind" "^1.1.1"
      "has" "^1.0.3"
      "has-symbols" "^1.0.1"
  
  "globals@^11.1.0":
    "integrity" "sha512-WOBp/EEGUiIsJSp7wcv/y6MO+lV9UoncWqxuFfm8eBwzWNgyfBd6Gz+IeKQ9jCmyhoH99g15M3T+QaVHFjizVA=="
    "resolved" "https://registry.npmjs.org/globals/-/globals-11.12.0.tgz"
    "version" "11.12.0"
  
  "has-flag@^3.0.0":
    "integrity" "sha1-tdRU3CGZriJWmfNGfloH87lVuv0="
    "resolved" "https://registry.npmjs.org/has-flag/-/has-flag-3.0.0.tgz"
    "version" "3.0.0"
  
  "has-symbols@^1.0.1", "has-symbols@^1.0.2":
    "integrity" "sha512-chXa79rL/UC2KlX17jo3vRGz0azaWEx5tGqZg5pO3NUyEJVB17dMruQlzCCOfUvElghKcm5194+BCRvi2Rv/Gw=="
    "resolved" "https://registry.npmjs.org/has-symbols/-/has-symbols-1.0.2.tgz"
    "version" "1.0.2"
  
  "has-tostringtag@^1.0.0":
    "integrity" "sha512-kFjcSNhnlGV1kyoGk7OXKSawH5JOb/LzUc5w9B02hOTO0dfFRjbHQKvg1d6cf3HbeUmtU9VbbV3qzZ2Teh97WQ=="
    "resolved" "https://registry.npmjs.org/has-tostringtag/-/has-tostringtag-1.0.0.tgz"
    "version" "1.0.0"
    dependencies:
      "has-symbols" "^1.0.2"
  
  "has@^1.0.1", "has@^1.0.3":
    "integrity" "sha512-f2dvO0VU6Oej7RkWJGrehjbzMAjFp5/VKPp5tTpWIV4JHHZK1/BxbFRtf/siA2SWTe09caDmVtYYzWEIbBS4zw=="
    "resolved" "https://registry.npmjs.org/has/-/has-1.0.3.tgz"
    "version" "1.0.3"
    dependencies:
      "function-bind" "^1.1.1"
  
  "hoist-non-react-statics@^3.0.0", "hoist-non-react-statics@^3.3.0":
    "integrity" "sha512-/gGivxi8JPKWNm/W0jSmzcMPpfpPLc3dY/6GxhX2hQ9iGj3aDfklV4ET7NjKpSinLpJ5vafa9iiGIEZg10SfBw=="
    "resolved" "https://registry.npmjs.org/hoist-non-react-statics/-/hoist-non-react-statics-3.3.2.tgz"
    "version" "3.3.2"
    dependencies:
      "react-is" "^16.7.0"
  
  "iconv-lite@^0.6.3":
    "integrity" "sha512-4fCk79wshMdzMp2rH06qWrJE4iolqLhCUH+OiuIgU++RB0+94NlDL81atO7GX55uUKueo0txHNtvEyI6D7WdMw=="
    "resolved" "https://registry.npmjs.org/iconv-lite/-/iconv-lite-0.6.3.tgz"
    "version" "0.6.3"
    dependencies:
      "safer-buffer" ">= 2.1.2 < 3.0.0"
  
  "inherits@^2.0.3", "inherits@~2.0.3":
    "integrity" "sha512-k/vGaX4/Yla3WzyMCvTQOXYeIHvqOKtnqBduzTHpzpQZzAskKMhZ2K+EnBiSM9zGSoIFeMpXKxa4dYeZIQqewQ=="
    "resolved" "https://registry.npmjs.org/inherits/-/inherits-2.0.4.tgz"
    "version" "2.0.4"
  
  "internmap@^1.0.0":
    "integrity" "sha512-lDB5YccMydFBtasVtxnZ3MRBHuaoE8GKsppq+EchKL2U4nK/DmEpPHNH8MZe5HkMtpSiTSOZwfN0tzYjO/lJEw=="
    "resolved" "https://registry.npmjs.org/internmap/-/internmap-1.0.1.tgz"
    "version" "1.0.1"
  
  "is-arguments@^1.0.4":
    "integrity" "sha512-8Q7EARjzEnKpt/PCD7e1cgUS0a6X8u5tdSiMqXhojOdoV9TsMsiO+9VLC5vAmO8N7/GmXn7yjR8qnA6bVAEzfA=="
    "resolved" "https://registry.npmjs.org/is-arguments/-/is-arguments-1.1.1.tgz"
    "version" "1.1.1"
    dependencies:
      "call-bind" "^1.0.2"
      "has-tostringtag" "^1.0.0"
  
  "is-core-module@^2.2.0":
    "integrity" "sha512-vd15qHsaqrRL7dtH6QNuy0ndJmRDrS9HAM1CAiSifNUFv4x1a0CCVsj18hJ1mShxIG6T2i1sO78MkP56r0nYRw=="
    "resolved" "https://registry.npmjs.org/is-core-module/-/is-core-module-2.8.0.tgz"
    "version" "2.8.0"
    dependencies:
      "has" "^1.0.3"
  
  "is-date-object@^1.0.1":
    "integrity" "sha512-9YQaSxsAiSwcvS33MBk3wTCVnWK+HhF8VZR2jRxehM16QcVOdHqPn4VPHmRK4lSr38n9JriurInLcP90xsYNfQ=="
    "resolved" "https://registry.npmjs.org/is-date-object/-/is-date-object-1.0.5.tgz"
    "version" "1.0.5"
    dependencies:
      "has-tostringtag" "^1.0.0"
  
  "is-regex@^1.0.4":
    "integrity" "sha512-kvRdxDsxZjhzUX07ZnLydzS1TU/TJlTUHHY4YLL87e37oUA49DfkLqgy+VjFocowy29cKvcSiu+kIv728jTTVg=="
    "resolved" "https://registry.npmjs.org/is-regex/-/is-regex-1.1.4.tgz"
    "version" "1.1.4"
    dependencies:
      "call-bind" "^1.0.2"
      "has-tostringtag" "^1.0.0"
  
  "isarray@~1.0.0":
    "integrity" "sha1-u5NdSFgsuhaMBoNJV6VKPgcSTxE="
    "resolved" "https://registry.npmjs.org/isarray/-/isarray-1.0.0.tgz"
    "version" "1.0.0"
  
  "js-tokens@^3.0.0 || ^4.0.0", "js-tokens@^4.0.0":
    "integrity" "sha512-RdJUflcE3cUzKiMqQgsCu06FPu9UdIJO0beYbPhHN4k6apgJtifcoCtT9bcxOpYBtpD2kCM6Sbzg4CausW/PKQ=="
    "resolved" "https://registry.npmjs.org/js-tokens/-/js-tokens-4.0.0.tgz"
    "version" "4.0.0"
  
  "jsesc@^2.5.1":
    "integrity" "sha512-OYu7XEzjkCQ3C5Ps3QIZsQfNpqoJyZZA99wd9aWd05NCtC5pWOkShK2mkL6HXQR6/Cy2lbNdPlZBpuQHXE63gA=="
    "resolved" "https://registry.npmjs.org/jsesc/-/jsesc-2.5.2.tgz"
    "version" "2.5.2"
  
  "json2mq@^0.2.0":
    "integrity" "sha1-tje9O6nqvhIsg+lyBIOusQ0skEo="
    "resolved" "https://registry.npmjs.org/json2mq/-/json2mq-0.2.0.tgz"
    "version" "0.2.0"
    dependencies:
      "string-convert" "^0.2.0"
  
  "json5@^2.1.2":
    "integrity" "sha512-f+8cldu7X/y7RAJurMEJmdoKXGB/X550w2Nr3tTbezL6RwEE/iMcm+tZnXeoZtKuOq6ft8+CqzEkrIgx1fPoQA=="
    "resolved" "https://registry.npmjs.org/json5/-/json5-2.2.0.tgz"
    "version" "2.2.0"
    dependencies:
      "minimist" "^1.2.5"
  
  "levn@~0.3.0":
    "integrity" "sha1-OwmSTt+fCDwEkP3UwLxEIeBHZO4="
    "resolved" "https://registry.npmjs.org/levn/-/levn-0.3.0.tgz"
    "version" "0.3.0"
    dependencies:
      "prelude-ls" "~1.1.2"
      "type-check" "~0.3.2"
  
  "lodash@^4.17.11", "lodash@^4.17.21":
    "integrity" "sha512-v2kDEe57lecTulaDIuNTPy3Ry4gLGJ6Z1O3vE1krgXZNrsQ+LFTGHVxVjcXPs17LhbZVGedAJv8XZ1tvj5FvSg=="
    "resolved" "https://registry.npmjs.org/lodash/-/lodash-4.17.21.tgz"
    "version" "4.17.21"
  
  "loose-envify@^1.0.0", "loose-envify@^1.1.0":
    "integrity" "sha512-lyuxPGr/Wfhrlem2CL/UcnUc1zcqKAImBDzukY7Y5F/yQiNdko6+fRLevlw1HgMySw7f611UIY408EtxRSoK3Q=="
    "resolved" "https://registry.npmjs.org/loose-envify/-/loose-envify-1.4.0.tgz"
    "version" "1.4.0"
    dependencies:
      "js-tokens" "^3.0.0 || ^4.0.0"
  
  "magic-string@0.25.1":
    "integrity" "sha512-sCuTz6pYom8Rlt4ISPFn6wuFodbKMIHUMv4Qko9P17dpxb7s52KJTmRuZZqHdGmLCK9AOcDare039nRIcfdkEg=="
    "resolved" "https://registry.npmjs.org/magic-string/-/magic-string-0.25.1.tgz"
    "version" "0.25.1"
    dependencies:
      "sourcemap-codec" "^1.4.1"
  
  "memoize-one@^6.0.0":
    "integrity" "sha512-rkpe71W0N0c0Xz6QD0eJETuWAJGnJ9afsl1srmwPrI+yBCkge5EycXXbYRyvL29zZVUWQCY7InPRCv3GDXuZNw=="
    "resolved" "https://registry.npmjs.org/memoize-one/-/memoize-one-6.0.0.tgz"
    "version" "6.0.0"
  
  "merge-source-map@1.0.4":
    "integrity" "sha1-pd5GU42uhNQRTMXqArR3KmNGcB8="
    "resolved" "https://registry.npmjs.org/merge-source-map/-/merge-source-map-1.0.4.tgz"
    "version" "1.0.4"
    dependencies:
      "source-map" "^0.5.6"
  
  "minimist@^1.1.3", "minimist@^1.2.5":
    "integrity" "sha512-FM9nNUYrRBAELZQT3xeZQ7fmMOBg6nWNmJKTcgsJeaLstP/UODVpGsr5OhXhhXg6f+qtJ8uiZ+PUxkDWcgIXLw=="
    "resolved" "https://registry.npmjs.org/minimist/-/minimist-1.2.5.tgz"
    "version" "1.2.5"
  
  "moment@^2.24.0", "moment@^2.25.3":
    "integrity" "sha512-kHmoybcPV8Sqy59DwNDY3Jefr64lK/by/da0ViFcuA4DH0vQg5Q6Ze5VimxkfQNSC+Mls/Kx53s7TjP1RhFEDQ=="
    "resolved" "https://registry.npmjs.org/moment/-/moment-2.29.1.tgz"
    "version" "2.29.1"
  
  "ms@2.1.2":
    "integrity" "sha512-sGkPx+VjMtmA6MX27oA4FBFELFCZZ4S4XqeGOXCv68tT+jb3vk/RyaKWP0PTKyWtmLSM0b+adUTEvbs1PEaH2w=="
    "resolved" "https://registry.npmjs.org/ms/-/ms-2.1.2.tgz"
    "version" "2.1.2"
  
  "nanoid@^3.1.30":
    "integrity" "sha512-zJpuPDwOv8D2zq2WRoMe1HsfZthVewpel9CAvTfc/2mBD1uUT/agc5f7GHGWXlYkFvi1mVxe4IjvP2HNrop7nQ=="
    "resolved" "https://registry.npmjs.org/nanoid/-/nanoid-3.1.30.tgz"
    "version" "3.1.30"
  
  "next-tick@~1.0.0":
    "integrity" "sha1-yobR/ogoFpsBICCOPchCS524NCw="
    "resolved" "https://registry.npmjs.org/next-tick/-/next-tick-1.0.0.tgz"
    "version" "1.0.0"
  
  "node-releases@^2.0.1":
    "integrity" "sha512-CqyzN6z7Q6aMeF/ktcMVTzhAHCEpf8SOarwpzpf8pNBY2k5/oM34UHldUwp8VKI7uxct2HxSRdJjBaZeESzcxA=="
    "resolved" "https://registry.npmjs.org/node-releases/-/node-releases-2.0.1.tgz"
    "version" "2.0.1"
  
  "object-assign@^4.1.1":
    "integrity" "sha1-IQmtx5ZYh8/AXLvUQsrIv7s2CGM="
    "resolved" "https://registry.npmjs.org/object-assign/-/object-assign-4.1.1.tgz"
    "version" "4.1.1"
  
  "object-inspect@^1.6.0":
    "integrity" "sha512-If7BjFlpkzzBeV1cqgT3OSWT3azyoxDGajR+iGnFBfVV2EWyDyWaZZW2ERDjUaY2QM8i5jI3Sj7mhsM4DDAqWA=="
    "resolved" "https://registry.npmjs.org/object-inspect/-/object-inspect-1.11.1.tgz"
    "version" "1.11.1"
  
  "object-is@^1.0.1":
    "integrity" "sha512-3cyDsyHgtmi7I7DfSSI2LDp6SK2lwvtbg0p0R1e0RvTqF5ceGx+K2dfSjm1bKDMVCFEDAQvy+o8c6a7VujOddw=="
    "resolved" "https://registry.npmjs.org/object-is/-/object-is-1.1.5.tgz"
    "version" "1.1.5"
    dependencies:
      "call-bind" "^1.0.2"
      "define-properties" "^1.1.3"
  
  "object-keys@^1.0.12", "object-keys@^1.1.1":
    "integrity" "sha512-NuAESUOUMrlIXOfHKzD6bpPu3tYt3xvjNdRIQ+FeT0lNb4K8WR70CaDxhuNguS2XG+GjkyMwOzsN5ZktImfhLA=="
    "resolved" "https://registry.npmjs.org/object-keys/-/object-keys-1.1.1.tgz"
    "version" "1.1.1"
  
  "optionator@^0.8.1":
    "integrity" "sha512-+IW9pACdk3XWmmTXG8m3upGUJst5XRGzxMRjXzAuJ1XnIFNvfhjjIuYkDvysnPQ7qzqVzLt78BCruntqRhWQbA=="
    "resolved" "https://registry.npmjs.org/optionator/-/optionator-0.8.3.tgz"
    "version" "0.8.3"
    dependencies:
      "deep-is" "~0.1.3"
      "fast-levenshtein" "~2.0.6"
      "levn" "~0.3.0"
      "prelude-ls" "~1.1.2"
      "type-check" "~0.3.2"
      "word-wrap" "~1.2.3"
  
  "pako@^0.2.5":
    "integrity" "sha1-8/dSL073gjSNqBYbrZ7P1Rv4OnU="
    "resolved" "https://registry.npmjs.org/pako/-/pako-0.2.9.tgz"
    "version" "0.2.9"
  
  "path-parse@^1.0.6":
    "integrity" "sha512-LDJzPVEEEPR+y48z93A0Ed0yXb8pAByGWo/k5YYdYgpY2/2EsOsksJrq7lOHxryrVOn1ejG6oAp8ahvOIQD8sw=="
    "resolved" "https://registry.npmjs.org/path-parse/-/path-parse-1.0.7.tgz"
    "version" "1.0.7"
  
  "pdfmake@^0.2.2":
    "integrity" "sha512-EM39waHUe/Dg1W9C3XqYbpx6tfhYyU14JHZlI1HaW0AUEY32GbkRBjDLGWo9f7z/k3ea6k1p9yyDrflnvtZS1A=="
    "resolved" "https://registry.npmjs.org/pdfmake/-/pdfmake-0.2.4.tgz"
    "version" "0.2.4"
    dependencies:
      "@foliojs-fork/linebreak" "^1.1.1"
      "@foliojs-fork/pdfkit" "^0.13.0"
      "iconv-lite" "^0.6.3"
      "xmldoc" "^1.1.2"
  
  "performance-now@^2.1.0":
    "integrity" "sha1-Ywn04OX6kT7BxpMHrjZLSzd8nns="
    "resolved" "https://registry.npmjs.org/performance-now/-/performance-now-2.1.0.tgz"
    "version" "2.1.0"
  
  "picocolors@^1.0.0":
    "integrity" "sha512-1fygroTLlHu66zi26VoTDv8yRgm0Fccecssto+MhsZ0D/DGW2sm8E8AjW7NU5VVTRt5GxbeZ5qBuJr+HyLYkjQ=="
    "resolved" "https://registry.npmjs.org/picocolors/-/picocolors-1.0.0.tgz"
    "version" "1.0.0"
  
  "picomatch@^2.2.2":
    "integrity" "sha512-lY1Q/PiJGC2zOv/z391WOTD+Z02bCgsFfvxoXXf6h7kv9o+WmsmzYqrAwY63sNgOxE4xEdq0WyUnXfKeBrSvYw=="
    "resolved" "https://registry.npmjs.org/picomatch/-/picomatch-2.3.0.tgz"
    "version" "2.3.0"
  
  "png-js@^1.0.0":
    "integrity" "sha512-k+YsbhpA9e+EFfKjTCH3VW6aoKlyNYI6NYdTfDL4CIvFnvsuO84ttonmZE7rc+v23SLTH8XX+5w/Ak9v0xGY4g=="
    "resolved" "https://registry.npmjs.org/png-js/-/png-js-1.0.0.tgz"
    "version" "1.0.0"
  
  "polylabel@^1.0.2":
    "integrity" "sha512-bxaGcA40sL3d6M4hH72Z4NdLqxpXRsCFk8AITYg6x1rn1Ei3izf00UMLklerBZTO49aPA3CYrIwVulx2Bce2pA=="
    "resolved" "https://registry.npmjs.org/polylabel/-/polylabel-1.1.0.tgz"
    "version" "1.1.0"
    dependencies:
      "tinyqueue" "^2.0.3"
  
  "postcss-value-parser@^4.0.2":
    "integrity" "sha512-1NNCs6uurfkVbeXG4S8JFT9t19m45ICnif8zWLd5oPSZ50QnwMfK+H3jv408d4jw/7Bttv5axS5IiHoLaVNHeQ=="
    "resolved" "https://registry.npmjs.org/postcss-value-parser/-/postcss-value-parser-4.2.0.tgz"
    "version" "4.2.0"
  
  "postcss@^8.3.11":
    "integrity" "sha512-joU6fBsN6EIer28Lj6GDFoC/5yOZzLCfn0zHAn/MYXI7aPt4m4hK5KC5ovEZXy+lnCjmYIbQWngvju2ddyEr8Q=="
    "resolved" "https://registry.npmjs.org/postcss/-/postcss-8.4.4.tgz"
    "version" "8.4.4"
    dependencies:
      "nanoid" "^3.1.30"
      "picocolors" "^1.0.0"
      "source-map-js" "^1.0.1"
  
  "prelude-ls@~1.1.2":
    "integrity" "sha1-IZMqVJ9eUv/ZqCf1cOBL5iqX2lQ="
    "resolved" "https://registry.npmjs.org/prelude-ls/-/prelude-ls-1.1.2.tgz"
    "version" "1.1.2"
  
  "printj@~1.1.0":
    "integrity" "sha512-zA2SmoLaxZyArQTOPj5LXecR+RagfPSU5Kw1qP+jkWeNlrq+eJZyY2oS68SU1Z/7/myXM4lo9716laOFAVStCQ=="
    "resolved" "https://registry.npmjs.org/printj/-/printj-1.1.2.tgz"
    "version" "1.1.2"
  
  "printj@~1.2.2":
    "integrity" "sha512-sanczS6xOJOg7IKDvi4sGOUOe7c1tsEzjwlLFH/zgwx/uyImVM9/rgBkc8AfiQa/Vg54nRd8mkm9yI7WV/O+WA=="
    "resolved" "https://registry.npmjs.org/printj/-/printj-1.2.3.tgz"
    "version" "1.2.3"
  
  "printj@~1.3.0":
    "integrity" "sha512-017o8YIaz8gLhaNxRB9eBv2mWXI2CtzhPJALnQTP+OPpuUfP0RMWqr/mHCzqVeu1AQxfzSfAtAq66vKB8y7Lzg=="
    "resolved" "https://registry.npmjs.org/printj/-/printj-1.3.0.tgz"
    "version" "1.3.0"
  
  "process-nextick-args@~2.0.0":
    "integrity" "sha512-3ouUOpQhtgrbOa17J7+uxOTpITYWaGP7/AhoR3+A+/1e9skrzelGi/dXzEYyvbxubEF6Wn2ypscTKiKJFFn1ag=="
    "resolved" "https://registry.npmjs.org/process-nextick-args/-/process-nextick-args-2.0.1.tgz"
    "version" "2.0.1"
  
  "quote-stream@^1.0.1":
    "integrity" "sha1-hJY/jJwmuULhU/7rU6rnRlK34LI="
    "resolved" "https://registry.npmjs.org/quote-stream/-/quote-stream-1.0.2.tgz"
    "version" "1.0.2"
    dependencies:
      "buffer-equal" "0.0.1"
      "minimist" "^1.1.3"
      "through2" "^2.0.0"
  
  "raf@^3.4.1":
    "integrity" "sha512-Sq4CW4QhwOHE8ucn6J34MqtZCeWFP2aQSmrlroYgqAV1PjStIhJXxYuTgUIfkEk7zTLjmIjLmU5q+fbD1NnOJA=="
    "resolved" "https://registry.npmjs.org/raf/-/raf-3.4.1.tgz"
    "version" "3.4.1"
    dependencies:
      "performance-now" "^2.1.0"
  
  "rc-align@^4.0.0":
    "integrity" "sha512-n9mQfIYQbbNTbefyQnRHZPWuTEwG1rY4a9yKlIWHSTbgwI+XUMGRYd0uJ5pE2UbrNX0WvnMBA1zJ3Lrecpra/A=="
    "resolved" "https://registry.npmjs.org/rc-align/-/rc-align-4.0.11.tgz"
    "version" "4.0.11"
    dependencies:
      "@babel/runtime" "^7.10.1"
      "classnames" "2.x"
      "dom-align" "^1.7.0"
      "lodash" "^4.17.21"
      "rc-util" "^5.3.0"
      "resize-observer-polyfill" "^1.5.1"
  
  "rc-cascader@~2.3.0":
    "integrity" "sha512-TY3c4ous8Y5zOrcMPq4jwXUITkmQrNyoGCfda1MRiEOFnfR0e4JSYRyZUylb9CohVPmktZ3Ptz82KmQ7qHNK6Q=="
    "resolved" "https://registry.npmjs.org/rc-cascader/-/rc-cascader-2.3.1.tgz"
    "version" "2.3.1"
    dependencies:
      "@babel/runtime" "^7.12.5"
      "array-tree-filter" "^2.1.0"
      "classnames" "^2.3.1"
      "rc-tree-select" "~4.8.0"
      "rc-trigger" "^5.0.4"
      "rc-util" "^5.6.1"
      "warning" "^4.0.1"
  
  "rc-checkbox@~2.3.0":
    "integrity" "sha512-afVi1FYiGv1U0JlpNH/UaEXdh6WUJjcWokj/nUN2TgG80bfG+MDdbfHKlLcNNba94mbjy2/SXJ1HDgrOkXGAjg=="
    "resolved" "https://registry.npmjs.org/rc-checkbox/-/rc-checkbox-2.3.2.tgz"
    "version" "2.3.2"
    dependencies:
      "@babel/runtime" "^7.10.1"
      "classnames" "^2.2.1"
  
  "rc-collapse@~3.1.0":
    "integrity" "sha512-HujcKq7mghk/gVKeI6EjzTbb8e19XUZpakrYazu1MblEZ3Hu3WBMSN4A3QmvbF6n1g7x6lUlZvsHZ5shABWYOQ=="
    "resolved" "https://registry.npmjs.org/rc-collapse/-/rc-collapse-3.1.2.tgz"
    "version" "3.1.2"
    dependencies:
      "@babel/runtime" "^7.10.1"
      "classnames" "2.x"
      "rc-motion" "^2.3.4"
      "rc-util" "^5.2.1"
      "shallowequal" "^1.1.0"
  
  "rc-dialog@~8.6.0":
    "integrity" "sha512-GSbkfqjqxpZC5/zc+8H332+q5l/DKUhpQr0vdX2uDsxo5K0PhvaMEVjyoJUTkZ3+JstEADQji1PVLVb/2bJeOQ=="
    "resolved" "https://registry.npmjs.org/rc-dialog/-/rc-dialog-8.6.0.tgz"
    "version" "8.6.0"
    dependencies:
      "@babel/runtime" "^7.10.1"
      "classnames" "^2.2.6"
      "rc-motion" "^2.3.0"
      "rc-util" "^5.6.1"
  
  "rc-drawer@~4.4.2":
    "integrity" "sha512-FYztwRs3uXnFOIf1hLvFxIQP9MiZJA+0w+Os8dfDh/90X7z/HqP/Yg+noLCIeHEbKln1Tqelv8ymCAN24zPcfQ=="
    "resolved" "https://registry.npmjs.org/rc-drawer/-/rc-drawer-4.4.3.tgz"
    "version" "4.4.3"
    dependencies:
      "@babel/runtime" "^7.10.1"
      "classnames" "^2.2.6"
      "rc-util" "^5.7.0"
  
  "rc-dropdown@^3.2.0", "rc-dropdown@~3.2.0":
    "integrity" "sha512-j1HSw+/QqlhxyTEF6BArVZnTmezw2LnSmRk6I9W7BCqNCKaRwleRmMMs1PHbuaG8dKHVqP6e21RQ7vPBLVnnNw=="
    "resolved" "https://registry.npmjs.org/rc-dropdown/-/rc-dropdown-3.2.0.tgz"
    "version" "3.2.0"
    dependencies:
      "@babel/runtime" "^7.10.1"
      "classnames" "^2.2.6"
      "rc-trigger" "^5.0.4"
  
  "rc-field-form@~1.21.0":
    "integrity" "sha512-LR/bURt/Tf5g39mb0wtMtQuWn42d/7kEzpzlC5fNC7yaRVmLTtlPP4sBBlaViETM9uZQKLoaB0Pt9Mubhm9gow=="
    "resolved" "https://registry.npmjs.org/rc-field-form/-/rc-field-form-1.21.2.tgz"
    "version" "1.21.2"
    dependencies:
      "@babel/runtime" "^7.8.4"
      "async-validator" "^4.0.2"
      "rc-util" "^5.8.0"
  
  "rc-image@~5.2.5":
    "integrity" "sha512-qUfZjYIODxO0c8a8P5GeuclYXZjzW4hV/5hyo27XqSFo1DmTCs2HkVeQObkcIk5kNsJtgsj1KoPThVsSc/PXOw=="
    "resolved" "https://registry.npmjs.org/rc-image/-/rc-image-5.2.5.tgz"
    "version" "5.2.5"
    dependencies:
      "@babel/runtime" "^7.11.2"
      "classnames" "^2.2.6"
      "rc-dialog" "~8.6.0"
      "rc-util" "^5.0.6"
  
  "rc-input-number@~7.3.0":
    "integrity" "sha512-W9uqSzuvJUnz8H8vsVY4kx+yK51SsAxNTwr8SNH4G3XqQNocLVmKIibKFRjocnYX1RDHMND9FFbgj2h7E7nvGA=="
    "resolved" "https://registry.npmjs.org/rc-input-number/-/rc-input-number-7.3.4.tgz"
    "version" "7.3.4"
    dependencies:
      "@babel/runtime" "^7.10.1"
      "classnames" "^2.2.5"
      "rc-util" "^5.9.8"
  
  "rc-mentions@~1.6.1":
    "integrity" "sha512-LDzGI8jJVGnkhpTZxZuYBhMz3avcZZqPGejikchh97xPni/g4ht714Flh7DVvuzHQ+BoKHhIjobHnw1rcP8erg=="
    "resolved" "https://registry.npmjs.org/rc-mentions/-/rc-mentions-1.6.1.tgz"
    "version" "1.6.1"
    dependencies:
      "@babel/runtime" "^7.10.1"
      "classnames" "^2.2.6"
      "rc-menu" "^9.0.0"
      "rc-textarea" "^0.3.0"
      "rc-trigger" "^5.0.4"
      "rc-util" "^5.0.1"
  
  "rc-menu@^9.0.0", "rc-menu@~9.0.12":
    "integrity" "sha512-CIox5mZeLDAi32SlHrV7UeSjv7tmJJhwRyxQtZCKt351w3q59XlL4WMFOmtT9gwIfP9h0XoxdBZUMe/xzkp78A=="
    "resolved" "https://registry.npmjs.org/rc-menu/-/rc-menu-9.0.14.tgz"
    "version" "9.0.14"
    dependencies:
      "@babel/runtime" "^7.10.1"
      "classnames" "2.x"
      "rc-motion" "^2.4.3"
      "rc-overflow" "^1.2.0"
      "rc-trigger" "^5.1.2"
      "rc-util" "^5.12.0"
      "shallowequal" "^1.1.0"
  
  "rc-motion@^2.0.0", "rc-motion@^2.0.1", "rc-motion@^2.2.0", "rc-motion@^2.3.0", "rc-motion@^2.3.4", "rc-motion@^2.4.3", "rc-motion@^2.4.4":
    "integrity" "sha512-ms7n1+/TZQBS0Ydd2Q5P4+wJTSOrhIrwNxLXCZpR7Fa3/oac7Yi803HDALc2hLAKaCTQtw9LmQeB58zcwOsqlQ=="
    "resolved" "https://registry.npmjs.org/rc-motion/-/rc-motion-2.4.4.tgz"
    "version" "2.4.4"
    dependencies:
      "@babel/runtime" "^7.11.1"
      "classnames" "^2.2.1"
      "rc-util" "^5.2.1"
  
  "rc-notification@~4.5.7":
    "integrity" "sha512-zhTGUjBIItbx96SiRu3KVURcLOydLUHZCPpYEn1zvh+re//Tnq/wSxN4FKgp38n4HOgHSVxcLEeSxBMTeBBDdw=="
    "resolved" "https://registry.npmjs.org/rc-notification/-/rc-notification-4.5.7.tgz"
    "version" "4.5.7"
    dependencies:
      "@babel/runtime" "^7.10.1"
      "classnames" "2.x"
      "rc-motion" "^2.2.0"
      "rc-util" "^5.0.1"
  
  "rc-overflow@^1.0.0", "rc-overflow@^1.2.0":
    "integrity" "sha512-X5kj9LDU1ue5wHkqvCprJWLKC+ZLs3p4He/oxjZ1Q4NKaqKBaYf5OdSzRSgh3WH8kSdrfU8LjvlbWnHgJOEkNQ=="
    "resolved" "https://registry.npmjs.org/rc-overflow/-/rc-overflow-1.2.2.tgz"
    "version" "1.2.2"
    dependencies:
      "@babel/runtime" "^7.11.1"
      "classnames" "^2.2.1"
      "rc-resize-observer" "^1.0.0"
      "rc-util" "^5.5.1"
  
  "rc-pagination@~3.1.9":
    "integrity" "sha512-tcugvxrtPiVU00Uh0IwC8NIUlxa4KtA9pXcaMNJdSHeO2uQqVkHEwllsULTAWRF3zRV2ozo2weP/DRKIUrX+Zg=="
    "resolved" "https://registry.npmjs.org/rc-pagination/-/rc-pagination-3.1.14.tgz"
    "version" "3.1.14"
    dependencies:
      "@babel/runtime" "^7.10.1"
      "classnames" "^2.2.1"
  
  "rc-picker@~2.5.17":
    "integrity" "sha512-u6myoCu/qiQ0vLbNzSzNrzTQhs7mldArCpPHrEI6OUiifs+IPXmbesqSm0zilJjfzrZJLgYeyyOMSznSlh0GKA=="
    "resolved" "https://registry.npmjs.org/rc-picker/-/rc-picker-2.5.19.tgz"
    "version" "2.5.19"
    dependencies:
      "@babel/runtime" "^7.10.1"
      "classnames" "^2.2.1"
      "date-fns" "2.x"
      "dayjs" "1.x"
      "moment" "^2.24.0"
      "rc-trigger" "^5.0.4"
      "rc-util" "^5.4.0"
      "shallowequal" "^1.1.0"
  
  "rc-progress@~3.1.0":
    "integrity" "sha512-XBAif08eunHssGeIdxMXOmRQRULdHaDdIFENQ578CMb4dyewahmmfJRyab+hw4KH4XssEzzYOkAInTLS7JJG+Q=="
    "resolved" "https://registry.npmjs.org/rc-progress/-/rc-progress-3.1.4.tgz"
    "version" "3.1.4"
    dependencies:
      "@babel/runtime" "^7.10.1"
      "classnames" "^2.2.6"
  
  "rc-rate@~2.9.0":
    "integrity" "sha512-MmIU7FT8W4LYRRHJD1sgG366qKtSaKb67D0/vVvJYR0lrCuRrCiVQ5qhfT5ghVO4wuVIORGpZs7ZKaYu+KMUzA=="
    "resolved" "https://registry.npmjs.org/rc-rate/-/rc-rate-2.9.1.tgz"
    "version" "2.9.1"
    dependencies:
      "@babel/runtime" "^7.10.1"
      "classnames" "^2.2.5"
      "rc-util" "^5.0.1"
  
  "rc-resize-observer@^1.0.0", "rc-resize-observer@^1.1.0":
    "integrity" "sha512-5A3B9ha297ItltzXl812WFE36SyRDTNclfrXE3FL1pEwXkBh7iSEzxjzfwsPeMcF9ahy3ZoxLgLuRksXBGGD6A=="
    "resolved" "https://registry.npmjs.org/rc-resize-observer/-/rc-resize-observer-1.1.1.tgz"
    "version" "1.1.1"
    dependencies:
      "@babel/runtime" "^7.10.1"
      "classnames" "^2.2.1"
      "rc-util" "^5.15.0"
      "resize-observer-polyfill" "^1.5.1"
  
  "rc-select@~13.2.1":
    "integrity" "sha512-L2cJFAjVEeDiNVa/dlOVKE79OUb0J7sUBvWN3Viav3XHcjvv9Ovn4D8J9QhBSlDXeGuczZ81CZI3BbdHD25+Gg=="
    "resolved" "https://registry.npmjs.org/rc-select/-/rc-select-13.2.1.tgz"
    "version" "13.2.1"
    dependencies:
      "@babel/runtime" "^7.10.1"
      "classnames" "2.x"
      "rc-motion" "^2.0.1"
      "rc-overflow" "^1.0.0"
      "rc-trigger" "^5.0.4"
      "rc-util" "^5.9.8"
      "rc-virtual-list" "^3.2.0"
  
  "rc-slider@~9.7.4":
    "integrity" "sha512-LV/MWcXFjco1epPbdw1JlLXlTgmWpB9/Y/P2yinf8Pg3wElHxA9uajN21lJiWtZjf5SCUekfSP6QMJfDo4t1hg=="
    "resolved" "https://registry.npmjs.org/rc-slider/-/rc-slider-9.7.5.tgz"
    "version" "9.7.5"
    dependencies:
      "@babel/runtime" "^7.10.1"
      "classnames" "^2.2.5"
      "rc-tooltip" "^5.0.1"
      "rc-util" "^5.16.1"
      "shallowequal" "^1.1.0"
  
  "rc-steps@~4.1.0":
    "integrity" "sha512-qoCqKZWSpkh/b03ASGx1WhpKnuZcRWmvuW+ZUu4mvMdfvFzVxblTwUM+9aBd0mlEUFmt6GW8FXhMpHkK3Uzp3w=="
    "resolved" "https://registry.npmjs.org/rc-steps/-/rc-steps-4.1.4.tgz"
    "version" "4.1.4"
    dependencies:
      "@babel/runtime" "^7.10.2"
      "classnames" "^2.2.3"
      "rc-util" "^5.0.1"
  
  "rc-switch@~3.2.0":
    "integrity" "sha512-+gUJClsZZzvAHGy1vZfnwySxj+MjLlGRyXKXScrtCTcmiYNPzxDFOxdQ/3pK1Kt/0POvwJ/6ALOR8gwdXGhs+A=="
    "resolved" "https://registry.npmjs.org/rc-switch/-/rc-switch-3.2.2.tgz"
    "version" "3.2.2"
    dependencies:
      "@babel/runtime" "^7.10.1"
      "classnames" "^2.2.1"
      "rc-util" "^5.0.1"
  
  "rc-table@~7.19.0":
    "integrity" "sha512-NdpnoM50MK02H5/hGOsObfxCvGFUG5cHB9turE5BKJ81T5Ycbq193w5tLhnpILXe//Oanzr47MdMxkUnVGP+qg=="
    "resolved" "https://registry.npmjs.org/rc-table/-/rc-table-7.19.2.tgz"
    "version" "7.19.2"
    dependencies:
      "@babel/runtime" "^7.10.1"
      "classnames" "^2.2.5"
      "rc-resize-observer" "^1.0.0"
      "rc-util" "^5.14.0"
      "shallowequal" "^1.1.0"
  
  "rc-tabs@~11.10.0":
    "integrity" "sha512-DDuUdV6b9zGRYLtjI5hyejWLKoz1QiLWNgMeBzc3aMeQylZFhTYnFGdDc6HRqj5IYearNTsFPVSA+6VIT8g5cg=="
    "resolved" "https://registry.npmjs.org/rc-tabs/-/rc-tabs-11.10.5.tgz"
    "version" "11.10.5"
    dependencies:
      "@babel/runtime" "^7.11.2"
      "classnames" "2.x"
      "rc-dropdown" "^3.2.0"
      "rc-menu" "^9.0.0"
      "rc-resize-observer" "^1.0.0"
      "rc-util" "^5.5.0"
  
  "rc-textarea@^0.3.0", "rc-textarea@~0.3.0":
    "integrity" "sha512-6esiDE4AG3lqnmCdgAp/nutrZAqZEfRT3K749H8vMzNtxy9JScuMJ9MMtWN2DDQh+LCDvX4dgflaRjDCqtDHWw=="
    "resolved" "https://registry.npmjs.org/rc-textarea/-/rc-textarea-0.3.6.tgz"
    "version" "0.3.6"
    dependencies:
      "@babel/runtime" "^7.10.1"
      "classnames" "^2.2.1"
      "rc-resize-observer" "^1.0.0"
      "rc-util" "^5.7.0"
  
  "rc-tooltip@^5.0.1", "rc-tooltip@~5.1.1":
    "integrity" "sha512-alt8eGMJulio6+4/uDm7nvV+rJq9bsfxFDCI0ljPdbuoygUscbsMYb6EQgwib/uqsXQUvzk+S7A59uYHmEgmDA=="
    "resolved" "https://registry.npmjs.org/rc-tooltip/-/rc-tooltip-5.1.1.tgz"
    "version" "5.1.1"
    dependencies:
      "@babel/runtime" "^7.11.2"
      "rc-trigger" "^5.0.0"
  
  "rc-tree-select@~4.8.0":
    "integrity" "sha512-evuVIF7GHCGDdvISdBWl4ZYmG/8foof/RDtzCu/WFLA1tFKZD77RRC3khEsjh4WgsB0vllLe7j+ODJ7jHRcDRQ=="
    "resolved" "https://registry.npmjs.org/rc-tree-select/-/rc-tree-select-4.8.0.tgz"
    "version" "4.8.0"
    dependencies:
      "@babel/runtime" "^7.10.1"
      "classnames" "2.x"
      "rc-select" "~13.2.1"
      "rc-tree" "~5.3.0"
      "rc-util" "^5.7.0"
  
  "rc-tree@~5.3.0":
    "integrity" "sha512-ypPn6BTDupBM3WozPe7bZoaAV/7nomg8Yket/YfvkSiTkAjkUW3APzO6MpYLgMrQaPTGHcIeFXpgU5ZusNFQwg=="
    "resolved" "https://registry.npmjs.org/rc-tree/-/rc-tree-5.3.2.tgz"
    "version" "5.3.2"
    dependencies:
      "@babel/runtime" "^7.10.1"
      "classnames" "2.x"
      "rc-motion" "^2.0.1"
      "rc-util" "^5.16.1"
      "rc-virtual-list" "^3.4.1"
  
  "rc-trigger@^5.0.0", "rc-trigger@^5.0.4", "rc-trigger@^5.1.2", "rc-trigger@^5.2.10":
    "integrity" "sha512-FkUf4H9BOFDaIwu42fvRycXMAvkttph9AlbCZXssZDVzz2L+QZ0ERvfB/4nX3ZFPh1Zd+uVGr1DEDeXxq4J1TA=="
    "resolved" "https://registry.npmjs.org/rc-trigger/-/rc-trigger-5.2.10.tgz"
    "version" "5.2.10"
    dependencies:
      "@babel/runtime" "^7.11.2"
      "classnames" "^2.2.6"
      "rc-align" "^4.0.0"
      "rc-motion" "^2.0.0"
      "rc-util" "^5.5.0"
  
  "rc-upload@~4.3.0":
    "integrity" "sha512-YoJ0phCRenMj1nzwalXzciKZ9/FAaCrFu84dS5pphwucTC8GUWClcDID/WWNGsLFcM97NqIboDqrV82rVRhW/w=="
    "resolved" "https://registry.npmjs.org/rc-upload/-/rc-upload-4.3.3.tgz"
    "version" "4.3.3"
    dependencies:
      "@babel/runtime" "^7.10.1"
      "classnames" "^2.2.5"
      "rc-util" "^5.2.0"
  
  "rc-util@^5.0.1", "rc-util@^5.0.6", "rc-util@^5.0.7", "rc-util@^5.12.0", "rc-util@^5.14.0", "rc-util@^5.15.0", "rc-util@^5.16.1", "rc-util@^5.2.0", "rc-util@^5.2.1", "rc-util@^5.3.0", "rc-util@^5.4.0", "rc-util@^5.5.0", "rc-util@^5.5.1", "rc-util@^5.6.1", "rc-util@^5.7.0", "rc-util@^5.8.0", "rc-util@^5.9.4", "rc-util@^5.9.8":
    "integrity" "sha512-kSCyytvdb3aRxQacS/71ta6c+kBWvM1v8/2h9d/HaNWauc3qB8pLnF20PJ8NajkNN8gb+rR1l0eWO+D4Pz+LLQ=="
    "resolved" "https://registry.npmjs.org/rc-util/-/rc-util-5.16.1.tgz"
    "version" "5.16.1"
    dependencies:
      "@babel/runtime" "^7.12.5"
      "react-is" "^16.12.0"
      "shallowequal" "^1.1.0"
  
  "rc-virtual-list@^3.2.0", "rc-virtual-list@^3.4.1":
    "integrity" "sha512-OyVrrPvvFcHvV0ssz5EDZ+7Rf5qLat/+mmujjchNw5FfbJWNDwkpQ99EcVE6+FtNRmX9wFa1LGNpZLUTvp/4GQ=="
    "resolved" "https://registry.npmjs.org/rc-virtual-list/-/rc-virtual-list-3.4.2.tgz"
    "version" "3.4.2"
    dependencies:
      "classnames" "^2.2.6"
      "rc-resize-observer" "^1.0.0"
      "rc-util" "^5.0.7"
  
  "react-dom@*", "react-dom@^17.0.2", "react-dom@>= 16.8.0", "react-dom@>= 16.9.0", "react-dom@>=16.0.0", "react-dom@>=16.9.0":
    "integrity" "sha512-s4h96KtLDUQlsENhMn1ar8t2bEa+q/YAtj8pPPdIjPDGBDIVNsrD9aXNWqspUe6AzKCIG0C1HZZLqLV7qpOBGA=="
    "resolved" "https://registry.npmjs.org/react-dom/-/react-dom-17.0.2.tgz"
    "version" "17.0.2"
    dependencies:
      "loose-envify" "^1.1.0"
      "object-assign" "^4.1.1"
      "scheduler" "^0.20.2"
  
  "react-is@^16.12.0", "react-is@^16.7.0", "react-is@>= 16.8.0":
    "integrity" "sha512-24e6ynE2H+OKt4kqsOvNd8kBpV65zoxbA4BVsEOB3ARVWQki/DHzaUoC5KuON/BiccDaCCTZBuOcfZs70kR8bQ=="
    "resolved" "https://registry.npmjs.org/react-is/-/react-is-16.13.1.tgz"
    "version" "16.13.1"
  
  "react-refresh@^0.11.0":
    "integrity" "sha512-F27qZr8uUqwhWZboondsPx8tnC3Ct3SxZA3V5WyEvujRyyNv0VYPhoBg1gZ8/MV5tubQp76Trw8lTv9hzRBa+A=="
    "resolved" "https://registry.npmjs.org/react-refresh/-/react-refresh-0.11.0.tgz"
    "version" "0.11.0"
  
  "react@*", "react@^17.0.2", "react@>= 16.8.0", "react@>= 16.9.0", "react@>=16.0.0", "react@>=16.9.0", "react@17.0.2":
    "integrity" "sha512-gnhPt75i/dq/z3/6q/0asP78D0u592D5L1pd7M8P+dck6Fu/jJeL6iVVK23fptSUZj8Vjf++7wXA8UNclGQcbA=="
    "resolved" "https://registry.npmjs.org/react/-/react-17.0.2.tgz"
    "version" "17.0.2"
    dependencies:
      "loose-envify" "^1.1.0"
      "object-assign" "^4.1.1"
  
  "readable-stream@^2.0.2", "readable-stream@^2.2.2", "readable-stream@~2.3.3", "readable-stream@~2.3.6":
    "integrity" "sha512-Ebho8K4jIbHAxnuxi7o42OrZgF/ZTNcsZj6nRKyUmkhLFq8CHItp/fy6hQZuZmP/n3yZ9VBUbp4zz/mX8hmYPw=="
    "resolved" "https://registry.npmjs.org/readable-stream/-/readable-stream-2.3.7.tgz"
    "version" "2.3.7"
    dependencies:
      "core-util-is" "~1.0.0"
      "inherits" "~2.0.3"
      "isarray" "~1.0.0"
      "process-nextick-args" "~2.0.0"
      "safe-buffer" "~5.1.1"
      "string_decoder" "~1.1.1"
      "util-deprecate" "~1.0.1"
  
  "regenerator-runtime@^0.13.4":
    "integrity" "sha512-p3VT+cOEgxFsRRA9X4lkI1E+k2/CtnKtU4gcxyaCUreilL/vqI6CdZ3wxVUx3UOUg+gnUOQQcRI7BmSI656MYA=="
    "resolved" "https://registry.npmjs.org/regenerator-runtime/-/regenerator-runtime-0.13.9.tgz"
    "version" "0.13.9"
  
  "regexp.prototype.flags@^1.2.0":
    "integrity" "sha512-JiBdRBq91WlY7uRJ0ds7R+dU02i6LKi8r3BuQhNXn+kmeLN+EfHhfjqMRis1zJxnlu88hq/4dx0P2OP3APRTOA=="
    "resolved" "https://registry.npmjs.org/regexp.prototype.flags/-/regexp.prototype.flags-1.3.1.tgz"
    "version" "1.3.1"
    dependencies:
      "call-bind" "^1.0.2"
      "define-properties" "^1.1.3"
  
  "regression@^2.0.1":
    "integrity" "sha1-jSnD6CJKEIUMNeM36FqLL6w7DIc="
    "resolved" "https://registry.npmjs.org/regression/-/regression-2.0.1.tgz"
    "version" "2.0.1"
  
  "resize-observer-polyfill@^1.5.0", "resize-observer-polyfill@^1.5.1":
    "integrity" "sha512-LwZrotdHOo12nQuZlHEmtuXdqGoOD0OhaxopaNFxWzInpEgaLWoVuAMbTzixuosCx2nEG58ngzW3vxdWoxIgdg=="
    "resolved" "https://registry.npmjs.org/resize-observer-polyfill/-/resize-observer-polyfill-1.5.1.tgz"
    "version" "1.5.1"
  
  "resolve@^1.1.10", "resolve@^1.1.5", "resolve@^1.20.0":
    "integrity" "sha512-wENBPt4ySzg4ybFQW2TT1zMQucPK95HSh/nq2CFTZVOGut2+pQvSsgtda4d26YrYcr067wjbmzOG8byDPBX63A=="
    "resolved" "https://registry.npmjs.org/resolve/-/resolve-1.20.0.tgz"
    "version" "1.20.0"
    dependencies:
      "is-core-module" "^2.2.0"
      "path-parse" "^1.0.6"
  
  "resolve@1.1.7":
    "integrity" "sha1-IDEU2CrSxe2ejgQRs5ModeiJ6Xs="
    "resolved" "https://registry.npmjs.org/resolve/-/resolve-1.1.7.tgz"
    "version" "1.1.7"
  
  "rgbcolor@^1.0.1":
    "integrity" "sha1-1lBezbMEplldom+ktDMHMGd1lF0="
    "resolved" "https://registry.npmjs.org/rgbcolor/-/rgbcolor-1.0.1.tgz"
    "version" "1.0.1"
  
  "rollup@^2.59.0":
    "integrity" "sha512-teQ+T1mUYbyvGyUavCodiyA9hD4DxwYZJwr/qehZGhs1Z49vsmzelMVYMxGU4ZhGRKxYPupHuz5yzm/wj7VpWA=="
    "resolved" "https://registry.npmjs.org/rollup/-/rollup-2.61.0.tgz"
    "version" "2.61.0"
    optionalDependencies:
      "fsevents" "~2.3.2"
  
  "safe-buffer@~5.1.0", "safe-buffer@~5.1.1":
    "integrity" "sha512-Gd2UZBJDkXlY7GbJxfsE8/nvKkUEU1G38c1siN6QP6a9PT9MmHB8GnpscSmMJSoF8LOIrt8ud/wPtojys4G6+g=="
    "resolved" "https://registry.npmjs.org/safe-buffer/-/safe-buffer-5.1.2.tgz"
    "version" "5.1.2"
  
  "safer-buffer@>= 2.1.2 < 3.0.0":
    "integrity" "sha512-YZo3K82SD7Riyi0E1EQPojLz7kpepnSQI9IyPbHHg1XXXevb5dJI7tpyN2ADxGcQbHG7vcyRHk0cbwqcQriUtg=="
    "resolved" "https://registry.npmjs.org/safer-buffer/-/safer-buffer-2.1.2.tgz"
    "version" "2.1.2"
  
  "sax@^1.2.1":
    "integrity" "sha512-NqVDv9TpANUjFm0N8uM5GxL36UgKi9/atZw+x7YFnQ8ckwFGKrl4xX4yWtrey3UJm5nP1kUbnYgLopqWNSRhWw=="
    "resolved" "https://registry.npmjs.org/sax/-/sax-1.2.4.tgz"
    "version" "1.2.4"
  
  "scheduler@^0.20.2":
    "integrity" "sha512-2eWfGgAqqWFGqtdMmcL5zCMK1U8KlXv8SQFGglL3CEtd0aDVDWgeF/YoCmvln55m5zSk3J/20hTaSBeSObsQDQ=="
    "resolved" "https://registry.npmjs.org/scheduler/-/scheduler-0.20.2.tgz"
    "version" "0.20.2"
    dependencies:
      "loose-envify" "^1.1.0"
      "object-assign" "^4.1.1"
  
  "scope-analyzer@^2.0.1":
    "integrity" "sha512-5cfCmsTYV/wPaRIItNxatw02ua/MThdIUNnUOCYp+3LSEJvnG804ANw2VLaavNILIfWXF1D1G2KNANkBBvInwQ=="
    "resolved" "https://registry.npmjs.org/scope-analyzer/-/scope-analyzer-2.1.2.tgz"
    "version" "2.1.2"
    dependencies:
      "array-from" "^2.1.1"
      "dash-ast" "^2.0.1"
      "es6-map" "^0.1.5"
      "es6-set" "^0.1.5"
      "es6-symbol" "^3.1.1"
      "estree-is-function" "^1.0.0"
      "get-assigned-identifiers" "^1.1.0"
  
  "scroll-into-view-if-needed@^2.2.25":
    "integrity" "sha512-8LuxJSuFVc92+0AdNv4QOxRL4Abeo1DgLnGNkn1XlaujPH/3cCFz3QI60r2VNu4obJJROzgnIUw5TKQkZvZI1w=="
    "resolved" "https://registry.npmjs.org/scroll-into-view-if-needed/-/scroll-into-view-if-needed-2.2.28.tgz"
    "version" "2.2.28"
    dependencies:
      "compute-scroll-into-view" "^1.0.17"
  
  "semver@^6.3.0":
    "integrity" "sha512-b39TBaTSfV6yBrapU89p5fKekE2m/NwnDocOVruQFS1/veMgdzuPcnOM34M6CwxW8jH/lxEa5rBoDeUwu5HHTw=="
    "resolved" "https://registry.npmjs.org/semver/-/semver-6.3.0.tgz"
    "version" "6.3.0"
  
  "shallow-copy@~0.0.1":
    "integrity" "sha1-QV9CcC1z2BAzApLMXuhurhoRoXA="
    "resolved" "https://registry.npmjs.org/shallow-copy/-/shallow-copy-0.0.1.tgz"
    "version" "0.0.1"
  
  "shallowequal@^1.1.0":
    "integrity" "sha512-y0m1JoUZSlPAjXVtPPW70aZWfIL/dSP7AFkRnniLCrK/8MDKog3TySTBmckD+RObVxH0v4Tox67+F14PdED2oQ=="
    "resolved" "https://registry.npmjs.org/shallowequal/-/shallowequal-1.1.0.tgz"
    "version" "1.1.0"
  
  "source-map-js@^1.0.1":
    "integrity" "sha512-4+TN2b3tqOCd/kaGRJ/sTYA0tR0mdXx26ipdolxcwtJVqEnqNYvlCAt1q3ypy4QMlYus+Zh34RNtYLoq2oQ4IA=="
    "resolved" "https://registry.npmjs.org/source-map-js/-/source-map-js-1.0.1.tgz"
    "version" "1.0.1"
  
  "source-map@^0.5.0", "source-map@^0.5.6":
    "integrity" "sha1-igOdLRAh0i0eoUyA2OpGi6LvP8w="
    "resolved" "https://registry.npmjs.org/source-map/-/source-map-0.5.7.tgz"
    "version" "0.5.7"
  
  "source-map@~0.1.30":
    "integrity" "sha1-wkvBRspRfBRx9drL4lcbK3+eM0Y="
    "resolved" "https://registry.npmjs.org/source-map/-/source-map-0.1.43.tgz"
    "version" "0.1.43"
    dependencies:
      "amdefine" ">=0.0.4"
  
  "source-map@~0.6.1":
    "integrity" "sha512-UjgapumWlbMhkBgzT7Ykc5YXUT46F0iKu8SGXq0bcwP5dz/h0Plj6enJqjz1Zbq2l5WaqYnrVbwWOWMyF3F47g=="
    "resolved" "https://registry.npmjs.org/source-map/-/source-map-0.6.1.tgz"
    "version" "0.6.1"
  
  "sourcemap-codec@^1.4.1":
    "integrity" "sha512-9NykojV5Uih4lgo5So5dtw+f0JgJX30KCNI8gwhz2J9A15wD0Ml6tjHKwf6fTSa6fAdVBdZeNOs9eJ71qCk8vA=="
    "resolved" "https://registry.npmjs.org/sourcemap-codec/-/sourcemap-codec-1.4.8.tgz"
    "version" "1.4.8"
  
  "ssf@~0.11.2":
    "integrity" "sha512-+idbmIXoYET47hH+d7dfm2epdOMUDjqcB4648sTZ+t2JwoyBFL/insLfB/racrDmsKB3diwsDA696pZMieAC5g=="
    "resolved" "https://registry.npmjs.org/ssf/-/ssf-0.11.2.tgz"
    "version" "0.11.2"
    dependencies:
      "frac" "~1.1.2"
  
  "stackblur-canvas@^2.0.0":
    "integrity" "sha512-EeNzTVfj+1In7aSLPKDD03F/ly4RxEuF/EX0YcOG0cKoPXs+SLZxDawQbexQDBzwROs4VKLWTOaZQlZkGBFEIQ=="
    "resolved" "https://registry.npmjs.org/stackblur-canvas/-/stackblur-canvas-2.5.0.tgz"
    "version" "2.5.0"
  
  "static-eval@^2.0.5":
    "integrity" "sha512-agtxZ/kWSsCkI5E4QifRwsaPs0P0JmZV6dkLz6ILYfFYQGn+5plctanRN+IC8dJRiFkyXHrwEE3W9Wmx67uDbw=="
    "resolved" "https://registry.npmjs.org/static-eval/-/static-eval-2.1.0.tgz"
    "version" "2.1.0"
    dependencies:
      "escodegen" "^1.11.1"
  
  "static-module@^3.0.2":
    "integrity" "sha512-gb0v0rrgpBkifXCa3yZXxqVmXDVE+ETXj6YlC/jt5VzOnGXR2C15+++eXuMDUYsePnbhf+lwW0pE1UXyOLtGCw=="
    "resolved" "https://registry.npmjs.org/static-module/-/static-module-3.0.4.tgz"
    "version" "3.0.4"
    dependencies:
      "acorn-node" "^1.3.0"
      "concat-stream" "~1.6.0"
      "convert-source-map" "^1.5.1"
      "duplexer2" "~0.1.4"
      "escodegen" "^1.11.1"
      "has" "^1.0.1"
      "magic-string" "0.25.1"
      "merge-source-map" "1.0.4"
      "object-inspect" "^1.6.0"
      "readable-stream" "~2.3.3"
      "scope-analyzer" "^2.0.1"
      "shallow-copy" "~0.0.1"
      "static-eval" "^2.0.5"
      "through2" "~2.0.3"
  
  "string_decoder@~1.1.1":
    "integrity" "sha512-n/ShnvDi6FHbbVfviro+WojiFzv+s8MPMHBczVePfUpDJLwoLT0ht1l4YwBCbi8pJAveEEdnkHyPyTP/mzRfwg=="
    "resolved" "https://registry.npmjs.org/string_decoder/-/string_decoder-1.1.1.tgz"
    "version" "1.1.1"
    dependencies:
      "safe-buffer" "~5.1.0"
  
  "string-convert@^0.2.0":
    "integrity" "sha1-aYLMMEn7tM2F+LJFaLnZvznu/5c="
    "resolved" "https://registry.npmjs.org/string-convert/-/string-convert-0.2.1.tgz"
    "version" "0.2.1"
  
  "styled-components@^5.3.3", "styled-components@>= 2":
    "integrity" "sha512-++4iHwBM7ZN+x6DtPPWkCI4vdtwumQ+inA/DdAsqYd4SVgUKJie5vXyzotA00ttcFdQkCng7zc6grwlfIfw+lw=="
    "resolved" "https://registry.npmjs.org/styled-components/-/styled-components-5.3.3.tgz"
    "version" "5.3.3"
    dependencies:
      "@babel/helper-module-imports" "^7.0.0"
      "@babel/traverse" "^7.4.5"
      "@emotion/is-prop-valid" "^0.8.8"
      "@emotion/stylis" "^0.8.4"
      "@emotion/unitless" "^0.7.4"
      "babel-plugin-styled-components" ">= 1.12.0"
      "css-to-react-native" "^3.0.0"
      "hoist-non-react-statics" "^3.0.0"
      "shallowequal" "^1.1.0"
      "supports-color" "^5.5.0"
  
  "supports-color@^5.3.0", "supports-color@^5.5.0":
    "integrity" "sha512-QjVjwdXIt408MIiAqCX4oUKsgU2EqAGzs2Ppkm4aQYbjm+ZEWEcW4SfFNTr4uMNZma0ey4f5lgLrkB0aX0QMow=="
    "resolved" "https://registry.npmjs.org/supports-color/-/supports-color-5.5.0.tgz"
    "version" "5.5.0"
    dependencies:
      "has-flag" "^3.0.0"
  
  "through@~2.3.4":
    "integrity" "sha1-DdTJ/6q8NXlgsbckEV1+Doai4fU="
    "resolved" "https://registry.npmjs.org/through/-/through-2.3.8.tgz"
    "version" "2.3.8"
  
  "through2@^2.0.0", "through2@~2.0.3":
    "integrity" "sha512-/mrRod8xqpA+IHSLyGCQ2s8SPHiCDEeQJSep1jqLYeEUClOFG2Qsh+4FU6G9VeqpZnGW/Su8LQGc4YKni5rYSQ=="
    "resolved" "https://registry.npmjs.org/through2/-/through2-2.0.5.tgz"
    "version" "2.0.5"
    dependencies:
      "readable-stream" "~2.3.6"
      "xtend" "~4.0.1"
  
  "tiny-inflate@^1.0.0", "tiny-inflate@^1.0.2":
    "integrity" "sha512-pkY1fj1cKHb2seWDy0B16HeWyczlJA9/WW3u3c4z/NiWDsO3DOU5D7nhTLE9CF0yXv/QZFY7sEJmj24dK+Rrqw=="
    "resolved" "https://registry.npmjs.org/tiny-inflate/-/tiny-inflate-1.0.3.tgz"
    "version" "1.0.3"
  
  "tinyqueue@^2.0.3":
    "integrity" "sha512-ppJZNDuKGgxzkHihX8v9v9G5f+18gzaTfrukGrq6ueg0lmH4nqVnA2IPG0AEH3jKEk2GRJCUhDoqpoiw3PHLBA=="
    "resolved" "https://registry.npmjs.org/tinyqueue/-/tinyqueue-2.0.3.tgz"
    "version" "2.0.3"
  
  "to-fast-properties@^2.0.0":
    "integrity" "sha1-3F5pjL0HkmW8c+A3doGk5Og/YW4="
    "resolved" "https://registry.npmjs.org/to-fast-properties/-/to-fast-properties-2.0.0.tgz"
    "version" "2.0.0"
  
  "toggle-selection@^1.0.6":
    "integrity" "sha1-bkWxJj8gF/oKzH2J14sVuL932jI="
    "resolved" "https://registry.npmjs.org/toggle-selection/-/toggle-selection-1.0.6.tgz"
    "version" "1.0.6"
  
  "tslib@^2.0.1":
    "integrity" "sha512-77EbyPPpMz+FRFRuAFlWMtmgUWGe9UOG2Z25NqCwiIjRhOf5iKGuzSe5P2w1laq+FkRy4p+PCuVkJSGkzTEKVw=="
    "resolved" "https://registry.npmjs.org/tslib/-/tslib-2.3.1.tgz"
    "version" "2.3.1"
  
  "type-check@~0.3.2":
    "integrity" "sha1-WITKtRLPHTVeP7eE8wgEsrUg23I="
    "resolved" "https://registry.npmjs.org/type-check/-/type-check-0.3.2.tgz"
    "version" "0.3.2"
    dependencies:
      "prelude-ls" "~1.1.2"
  
  "type@^1.0.1":
    "integrity" "sha512-+5nt5AAniqsCnu2cEQQdpzCAh33kVx8n0VoFidKpB1dVVLAN/F+bgVOqOJqOnEnrhp222clB5p3vUlD+1QAnfg=="
    "resolved" "https://registry.npmjs.org/type/-/type-1.2.0.tgz"
    "version" "1.2.0"
  
  "type@^2.5.0":
    "integrity" "sha512-180WMDQaIMm3+7hGXWf12GtdniDEy7nYcyFMKJn/eZz/6tSLXrUN9V0wKSbMjej0I1WHWbpREDEKHtqPQa9NNw=="
    "resolved" "https://registry.npmjs.org/type/-/type-2.5.0.tgz"
    "version" "2.5.0"
  
  "typedarray@^0.0.6":
    "integrity" "sha1-hnrHTjhkGHsdPUfZlqeOxciDB3c="
    "resolved" "https://registry.npmjs.org/typedarray/-/typedarray-0.0.6.tgz"
    "version" "0.0.6"
  
  "typescript@^4.4.4":
    "integrity" "sha512-eVYaEHALSt+s9LbvgEv4Ef+Tdq7hBiIZgii12xXJnukryt3pMgJf6aKhoCZ3FWQsu6sydEnkg11fYXLzhLBjeQ=="
    "resolved" "https://registry.npmjs.org/typescript/-/typescript-4.5.3.tgz"
    "version" "4.5.3"
  
  "unicode-properties@^1.2.2":
    "integrity" "sha512-nIV3Tf3LcUEZttY/2g4ZJtGXhWwSkuLL+rCu0DIAMbjyVPj+8j5gNVz4T/sVbnQybIsd5SFGkPKg/756OY6jlA=="
    "resolved" "https://registry.npmjs.org/unicode-properties/-/unicode-properties-1.3.1.tgz"
    "version" "1.3.1"
    dependencies:
      "base64-js" "^1.3.0"
      "unicode-trie" "^2.0.0"
  
  "unicode-trie@^2.0.0":
    "integrity" "sha512-x7bc76x0bm4prf1VLg79uhAzKw8DVboClSN5VxJuQ+LKDOVEW9CdH+VY7SP+vX7xCYQqzzgQpFqz15zeLvAtZQ=="
    "resolved" "https://registry.npmjs.org/unicode-trie/-/unicode-trie-2.0.0.tgz"
    "version" "2.0.0"
    dependencies:
      "pako" "^0.2.5"
      "tiny-inflate" "^1.0.0"
  
  "util-deprecate@~1.0.1":
    "integrity" "sha1-RQ1Nyfpw3nMnYvvS1KKJgUGaDM8="
    "resolved" "https://registry.npmjs.org/util-deprecate/-/util-deprecate-1.0.2.tgz"
    "version" "1.0.2"
  
  "vite@^2.7.0":
    "integrity" "sha512-TDXXhcu5lyQ6uosK4ZWaOyB4VzOiizk0biitRzDzaEtgSUi8rVYPc4k1xgOjLSf0OuceDJmojFKXHOX9DB1WuQ=="
    "resolved" "https://registry.npmjs.org/vite/-/vite-2.7.1.tgz"
    "version" "2.7.1"
    dependencies:
      "esbuild" "^0.13.12"
      "postcss" "^8.3.11"
      "resolve" "^1.20.0"
      "rollup" "^2.59.0"
    optionalDependencies:
      "fsevents" "~2.3.2"
  
  "warning@^4.0.1":
    "integrity" "sha512-rpJyN222KWIvHJ/F53XSZv0Zl/accqHR8et1kpaMTD/fLCRxtV8iX8czMzY7sVZupTI3zcUTg8eycS2kNF9l6w=="
    "resolved" "https://registry.npmjs.org/warning/-/warning-4.0.3.tgz"
    "version" "4.0.3"
    dependencies:
      "loose-envify" "^1.0.0"
  
  "wmf@~1.0.1":
    "integrity" "sha512-/p9K7bEh0Dj6WbXg4JG0xvLQmIadrner1bi45VMJTfnbVHsc7yIajZyoSoK60/dtVBs12Fm6WkUI5/3WAVsNMw=="
    "resolved" "https://registry.npmjs.org/wmf/-/wmf-1.0.2.tgz"
    "version" "1.0.2"
  
  "word-wrap@~1.2.3":
    "integrity" "sha512-Hz/mrNwitNRh/HUAtM/VT/5VH+ygD6DV7mYKZAtHOrbs8U7lvPS6xf7EJKMF0uW1KJCl0H701g3ZGus+muE5vQ=="
    "resolved" "https://registry.npmjs.org/word-wrap/-/word-wrap-1.2.3.tgz"
    "version" "1.2.3"
  
  "word@~0.3.0":
    "integrity" "sha512-OELeY0Q61OXpdUfTp+oweA/vtLVg5VDOXh+3he3PNzLGG/y0oylSOC1xRVj0+l4vQ3tj/bB1HVHv1ocXkQceFA=="
    "resolved" "https://registry.npmjs.org/word/-/word-0.3.0.tgz"
    "version" "0.3.0"
  
  "xlsx@^0.17.0":
    "integrity" "sha512-9aKt8g9ZLP0CUdBX8L5xnoMDFwSiLI997eQnDThCaqQMYB9AEBIRzblSSNN/ICMGLYIHUO3VKaItcedZJ3ijIg=="
    "resolved" "https://registry.npmjs.org/xlsx/-/xlsx-0.17.4.tgz"
    "version" "0.17.4"
    dependencies:
      "adler-32" "~1.2.0"
      "cfb" "^1.1.4"
      "codepage" "~1.15.0"
      "crc-32" "~1.2.0"
      "ssf" "~0.11.2"
      "wmf" "~1.0.1"
      "word" "~0.3.0"
  
  "xmldoc@^1.1.2":
    "integrity" "sha512-ruPC/fyPNck2BD1dpz0AZZyrEwMOrWTO5lDdIXS91rs3wtm4j+T8Rp2o+zoOYkkAxJTZRPOSnOGei1egoRmKMQ=="
    "resolved" "https://registry.npmjs.org/xmldoc/-/xmldoc-1.1.2.tgz"
    "version" "1.1.2"
    dependencies:
      "sax" "^1.2.1"
  
  "xtend@^4.0.2", "xtend@~4.0.1":
    "integrity" "sha512-LKYU1iAXJXUgAXn9URjiu+MWhyUXHsvfp7mcuYm9dSUKK0/CjtrUwFAxD82/mCWbtLsGjFIad0wIsod4zrTAEQ=="
    "resolved" "https://registry.npmjs.org/xtend/-/xtend-4.0.2.tgz"
    "version" "4.0.2"
